TpTrace Verbose: 0 : 1480, 1, 2023/10/22, 18:38:41.391, 242352351941, vstest.console.dll, Version: 17.7.1-release-23418-01 Current process architecture: X64
TpTrace Verbose: 0 : 1480, 1, 2023/10/22, 18:38:41.392, 242352361821, vstest.console.dll, Runtime location: C:\Program Files\dotnet\shared\Microsoft.NETCore.App\7.0.11
TpTrace Verbose: 0 : 1480, 1, 2023/10/22, 18:38:41.394, 242352377106, vstest.console.dll, ArtifactProcessingPostProcessModeProcessorExecutor.Initialize: ArtifactProcessingMode.Collect
TpTrace Verbose: 0 : 1480, 1, 2023/10/22, 18:38:41.394, 242352377794, vstest.console.dll, TestSessionCorrelationIdProcessorModeProcessorExecutor.Initialize: TestSessionCorrelationId '14036_67fe962b-4c12-4671-b83b-aaf9f163aad5'
TpTrace Information: 0 : 1480, 1, 2023/10/22, 18:38:41.398, 242352419539, vstest.console.dll, FilePatternParser: The given file C:\Users\li4e9\source\repos\TestProject1\TestProject1\bin\Debug\net7.0-windows7.0\fine-code-coverage\build-output\TestProject1.dll is a full path.
TpTrace Verbose: 0 : 1480, 1, 2023/10/22, 18:38:41.401, 242352449869, vstest.console.dll, TestPluginCache.DiscoverTestExtensions: finding test extensions in assemblies ends with: RuntimeProvider.dll TPluginInfo: Microsoft.VisualStudio.TestPlatform.Common.ExtensionFramework.Utilities.TestRuntimePluginInformation TExtension: Microsoft.VisualStudio.TestPlatform.ObjectModel.Host.ITestRuntimeProvider
TpTrace Verbose: 0 : 1480, 1, 2023/10/22, 18:38:41.402, 242352455997, vstest.console.dll, TestPluginCache.GetExtensionPaths: Filtered extension paths: 
TpTrace Verbose: 0 : 1480, 1, 2023/10/22, 18:38:41.402, 242352456578, vstest.console.dll, TestPluginCache.GetExtensionPaths: Added default extension paths: C:\Program Files\dotnet\sdk\7.0.401\Extensions\Microsoft.Diagnostics.NETCore.Client.dll
C:\Program Files\dotnet\sdk\7.0.401\Extensions\Microsoft.TestPlatform.Extensions.BlameDataCollector.dll
C:\Program Files\dotnet\sdk\7.0.401\Extensions\Microsoft.TestPlatform.Extensions.EventLogCollector.dll
C:\Program Files\dotnet\sdk\7.0.401\Extensions\Microsoft.TestPlatform.TestHostRuntimeProvider.dll
C:\Program Files\dotnet\sdk\7.0.401\Extensions\Microsoft.VisualStudio.TestPlatform.Extensions.Html.TestLogger.dll
C:\Program Files\dotnet\sdk\7.0.401\Extensions\Microsoft.VisualStudio.TestPlatform.Extensions.Trx.TestLogger.dll
TpTrace Verbose: 0 : 1480, 1, 2023/10/22, 18:38:41.402, 242352456721, vstest.console.dll, TestPluginCache.GetExtensionPaths: Added unfilterableExtensionPaths: 
TpTrace Information: 0 : 1480, 1, 2023/10/22, 18:38:41.402, 242352460550, vstest.console.dll, AssemblyResolver.ctor: Creating AssemblyResolver with searchDirectories C:\Program Files\dotnet\sdk\7.0.401\Extensions,C:\Program Files\dotnet\sdk\7.0.401
TpTrace Verbose: 0 : 1480, 1, 2023/10/22, 18:38:41.403, 242352465075, vstest.console.dll, TestPluginCache.DiscoverTestExtensions: Discovering the extensions using extension path.
TpTrace Verbose: 0 : 1480, 1, 2023/10/22, 18:38:41.403, 242352465849, vstest.console.dll, TestPluginCache.GetExtensionPaths: Filtered extension paths: 
TpTrace Verbose: 0 : 1480, 1, 2023/10/22, 18:38:41.403, 242352466045, vstest.console.dll, TestPluginCache.GetExtensionPaths: Added default extension paths: C:\Program Files\dotnet\sdk\7.0.401\Extensions\Microsoft.Diagnostics.NETCore.Client.dll
C:\Program Files\dotnet\sdk\7.0.401\Extensions\Microsoft.TestPlatform.Extensions.BlameDataCollector.dll
C:\Program Files\dotnet\sdk\7.0.401\Extensions\Microsoft.TestPlatform.Extensions.EventLogCollector.dll
C:\Program Files\dotnet\sdk\7.0.401\Extensions\Microsoft.TestPlatform.TestHostRuntimeProvider.dll
C:\Program Files\dotnet\sdk\7.0.401\Extensions\Microsoft.VisualStudio.TestPlatform.Extensions.Html.TestLogger.dll
C:\Program Files\dotnet\sdk\7.0.401\Extensions\Microsoft.VisualStudio.TestPlatform.Extensions.Trx.TestLogger.dll
TpTrace Verbose: 0 : 1480, 1, 2023/10/22, 18:38:41.403, 242352466164, vstest.console.dll, TestPluginCache.GetExtensionPaths: Added unfilterableExtensionPaths: 
TpTrace Verbose: 0 : 1480, 1, 2023/10/22, 18:38:41.403, 242352466644, vstest.console.dll, TestPluginCache.DiscoverTestExtensions: Discovering the extensions using allExtensionPaths: C:\Program Files\dotnet\sdk\7.0.401\Extensions\Microsoft.Diagnostics.NETCore.Client.dll
C:\Program Files\dotnet\sdk\7.0.401\Extensions\Microsoft.TestPlatform.Extensions.BlameDataCollector.dll
C:\Program Files\dotnet\sdk\7.0.401\Extensions\Microsoft.TestPlatform.Extensions.EventLogCollector.dll
C:\Program Files\dotnet\sdk\7.0.401\Extensions\Microsoft.TestPlatform.TestHostRuntimeProvider.dll
C:\Program Files\dotnet\sdk\7.0.401\Extensions\Microsoft.VisualStudio.TestPlatform.Extensions.Html.TestLogger.dll
C:\Program Files\dotnet\sdk\7.0.401\Extensions\Microsoft.VisualStudio.TestPlatform.Extensions.Trx.TestLogger.dll
TpTrace Information: 0 : 1480, 1, 2023/10/22, 18:38:41.403, 242352467459, vstest.console.dll, AssemblyResolver.AddSearchDirectories: Adding more searchDirectories C:\Program Files\dotnet\sdk\7.0.401\Extensions,C:\Program Files\dotnet\sdk\7.0.401
TpTrace Information: 0 : 1480, 1, 2023/10/22, 18:38:41.403, 242352467714, vstest.console.dll, AssemblyResolver.AddSearchDirectories: Adding more searchDirectories C:\Program Files\dotnet\sdk\7.0.401\Extensions,C:\Program Files\dotnet\sdk\7.0.401
TpTrace Information: 0 : 1480, 1, 2023/10/22, 18:38:41.403, 242352467836, vstest.console.dll, AssemblyResolver.AddSearchDirectories: Adding more searchDirectories C:\Program Files\dotnet\sdk\7.0.401\Extensions,C:\Program Files\dotnet\sdk\7.0.401
TpTrace Information: 0 : 1480, 1, 2023/10/22, 18:38:41.403, 242352467980, vstest.console.dll, AssemblyResolver.AddSearchDirectories: Adding more searchDirectories C:\Program Files\dotnet\sdk\7.0.401\Extensions,C:\Program Files\dotnet\sdk\7.0.401
TpTrace Information: 0 : 1480, 1, 2023/10/22, 18:38:41.403, 242352468087, vstest.console.dll, AssemblyResolver.AddSearchDirectories: Adding more searchDirectories C:\Program Files\dotnet\sdk\7.0.401\Extensions,C:\Program Files\dotnet\sdk\7.0.401
TpTrace Information: 0 : 1480, 1, 2023/10/22, 18:38:41.403, 242352468194, vstest.console.dll, AssemblyResolver.AddSearchDirectories: Adding more searchDirectories C:\Program Files\dotnet\sdk\7.0.401\Extensions,C:\Program Files\dotnet\sdk\7.0.401
TpTrace Information: 0 : 1480, 1, 2023/10/22, 18:38:41.403, 242352470141, vstest.console.dll, AssemblyResolver.OnResolve: Microsoft.Diagnostics.NETCore.Client: Resolving assembly.
TpTrace Information: 0 : 1480, 1, 2023/10/22, 18:38:41.403, 242352470537, vstest.console.dll, AssemblyResolver.OnResolve: Microsoft.Diagnostics.NETCore.Client: Searching in: 'C:\Program Files\dotnet\sdk\7.0.401\Extensions'.
TpTrace Information: 0 : 1480, 1, 2023/10/22, 18:38:41.407, 242352509961, vstest.console.dll, AssemblyResolver.OnResolve: Microsoft.Diagnostics.NETCore.Client: Loading assembly 'C:\Program Files\dotnet\sdk\7.0.401\Extensions\Microsoft.Diagnostics.NETCore.Client.dll'.
TpTrace Information: 0 : 1480, 1, 2023/10/22, 18:38:41.407, 242352513204, vstest.console.dll, AssemblyResolver.OnResolve: Resolved assembly: Microsoft.Diagnostics.NETCore.Client, from path: C:\Program Files\dotnet\sdk\7.0.401\Extensions\Microsoft.Diagnostics.NETCore.Client.dll
TpTrace Verbose: 0 : 1480, 1, 2023/10/22, 18:38:41.408, 242352519915, vstest.console.dll, MetadataReaderExtensionsHelper: Discovering extensions inside assembly 'Microsoft.Diagnostics.NETCore.Client, Version=0.2.8.21101, Culture=neutral, PublicKeyToken=31bf3856ad364e35' file path 'C:\Program Files\dotnet\sdk\7.0.401\Extensions\Microsoft.Diagnostics.NETCore.Client.dll'
TpTrace Information: 0 : 1480, 1, 2023/10/22, 18:38:41.410, 242352541550, vstest.console.dll, AssemblyResolver.OnResolve: Microsoft.Bcl.AsyncInterfaces: Resolving assembly.
TpTrace Information: 0 : 1480, 1, 2023/10/22, 18:38:41.410, 242352542010, vstest.console.dll, AssemblyResolver.OnResolve: Microsoft.Bcl.AsyncInterfaces: Searching in: 'C:\Program Files\dotnet\sdk\7.0.401\Extensions'.
TpTrace Information: 0 : 1480, 1, 2023/10/22, 18:38:41.410, 242352542350, vstest.console.dll, AssemblyResolver.OnResolve: Microsoft.Bcl.AsyncInterfaces: Assembly path does not exist: 'C:\Program Files\dotnet\sdk\7.0.401\Extensions\Microsoft.Bcl.AsyncInterfaces.dll', returning.
TpTrace Information: 0 : 1480, 1, 2023/10/22, 18:38:41.410, 242352542976, vstest.console.dll, AssemblyResolver.OnResolve: Microsoft.Bcl.AsyncInterfaces: Assembly path does not exist: 'C:\Program Files\dotnet\sdk\7.0.401\Extensions\Microsoft.Bcl.AsyncInterfaces.exe', returning.
TpTrace Information: 0 : 1480, 1, 2023/10/22, 18:38:41.410, 242352543098, vstest.console.dll, AssemblyResolver.OnResolve: Microsoft.Bcl.AsyncInterfaces: Searching in: 'C:\Program Files\dotnet\sdk\7.0.401'.
TpTrace Information: 0 : 1480, 1, 2023/10/22, 18:38:41.410, 242352543334, vstest.console.dll, AssemblyResolver.OnResolve: Microsoft.Bcl.AsyncInterfaces: Assembly path does not exist: 'C:\Program Files\dotnet\sdk\7.0.401\Microsoft.Bcl.AsyncInterfaces.dll', returning.
TpTrace Information: 0 : 1480, 1, 2023/10/22, 18:38:41.410, 242352543539, vstest.console.dll, AssemblyResolver.OnResolve: Microsoft.Bcl.AsyncInterfaces: Assembly path does not exist: 'C:\Program Files\dotnet\sdk\7.0.401\Microsoft.Bcl.AsyncInterfaces.exe', returning.
TpTrace Information: 0 : 1480, 1, 2023/10/22, 18:38:41.410, 242352543683, vstest.console.dll, AssemblyResolver.OnResolve: Microsoft.Bcl.AsyncInterfaces: Failed to load assembly.
TpTrace Verbose: 0 : 1480, 1, 2023/10/22, 18:38:41.410, 242352543884, vstest.console.dll, CurrentDomainAssemblyResolve: Resolving assembly 'Microsoft.Bcl.AsyncInterfaces'.
TpTrace Information: 0 : 1480, 1, 2023/10/22, 18:38:41.411, 242352544223, vstest.console.dll, AssemblyResolver.OnResolve: Microsoft.Bcl.AsyncInterfaces: Resolving assembly.
TpTrace Information: 0 : 1480, 1, 2023/10/22, 18:38:41.411, 242352544411, vstest.console.dll, AssemblyResolver.OnResolve: Microsoft.Bcl.AsyncInterfaces: Resolved from cache.
TpTrace Verbose: 0 : 1480, 1, 2023/10/22, 18:38:41.411, 242352544519, vstest.console.dll, CurrentDomainAssemblyResolve: Resolving assembly 'Microsoft.Bcl.AsyncInterfaces'.
TpTrace Verbose: 0 : 1480, 1, 2023/10/22, 18:38:41.411, 242352544670, vstest.console.dll, CurrentDomainAssemblyResolve: Failed to resolve assembly 'Microsoft.Bcl.AsyncInterfaces'.
TpTrace Verbose: 0 : 1480, 1, 2023/10/22, 18:38:41.411, 242352548895, vstest.console.dll, CurrentDomainAssemblyResolve: Failed to resolve assembly 'Microsoft.Bcl.AsyncInterfaces'.
TpTrace Warning: 0 : 1480, 1, 2023/10/22, 18:38:41.417, 242352608391, vstest.console.dll, TestPluginDiscoverer: Failed to get types from assembly 'Microsoft.Diagnostics.NETCore.Client, Version=0.2.8.21101, Culture=neutral, PublicKeyToken=31bf3856ad364e35'. Error: System.Reflection.ReflectionTypeLoadException: Unable to load one or more of the requested types.
Could not load file or assembly 'Microsoft.Bcl.AsyncInterfaces, Version=1.0.0.0, Culture=neutral, PublicKeyToken=cc7b13ffcd2ddd51'. Не удается найти указанный файл.
   at System.Reflection.RuntimeModule.GetTypes(RuntimeModule module)
   at System.Reflection.Assembly.GetTypes()
   at Microsoft.VisualStudio.TestPlatform.Common.ExtensionFramework.TestPluginDiscoverer.GetTestExtensionsFromAssembly[TPluginInfo,TExtension](Assembly assembly, Dictionary`2 pluginInfos, String filePath) in /_/src/Microsoft.TestPlatform.Common/ExtensionFramework/TestPluginDiscoverer.cs:line 158
System.IO.FileNotFoundException: Could not load file or assembly 'Microsoft.Bcl.AsyncInterfaces, Version=1.0.0.0, Culture=neutral, PublicKeyToken=cc7b13ffcd2ddd51'. Не удается найти указанный файл.
File name: 'Microsoft.Bcl.AsyncInterfaces, Version=1.0.0.0, Culture=neutral, PublicKeyToken=cc7b13ffcd2ddd51'
 ---> System.IO.FileNotFoundException: Could not load file or assembly 'Microsoft.Bcl.AsyncInterfaces, Culture=neutral, PublicKeyToken=null'. Не удается найти указанный файл.
File name: 'Microsoft.Bcl.AsyncInterfaces, Culture=neutral, PublicKeyToken=null'
   at System.Reflection.RuntimeAssembly.InternalLoad(AssemblyName assemblyName, StackCrawlMark& stackMark, AssemblyLoadContext assemblyLoadContext, RuntimeAssembly requestingAssembly, Boolean throwOnFileNotFound)
   at System.Reflection.Assembly.Load(AssemblyName assemblyRef)
   at Microsoft.VisualStudio.TestPlatform.Common.ExtensionFramework.TestPluginCache.CurrentDomainAssemblyResolve(Object sender, AssemblyResolveEventArgs args) in /_/src/Microsoft.TestPlatform.Common/ExtensionFramework/TestPluginCache.cs:line 513
   at System.Runtime.Loader.AssemblyLoadContext.GetFirstResolvedAssemblyFromResolvingEvent(AssemblyName assemblyName)
   at System.Runtime.Loader.AssemblyLoadContext.ResolveUsingEvent(AssemblyName assemblyName)
   at System.Runtime.Loader.AssemblyLoadContext.ResolveUsingResolvingEvent(IntPtr gchManagedAssemblyLoadContext, AssemblyName assemblyName)
TpTrace Warning: 0 : 1480, 1, 2023/10/22, 18:38:41.417, 242352611078, vstest.console.dll, LoaderExceptions: System.IO.FileNotFoundException: Could not load file or assembly 'Microsoft.Bcl.AsyncInterfaces, Version=1.0.0.0, Culture=neutral, PublicKeyToken=cc7b13ffcd2ddd51'. Не удается найти указанный файл.
File name: 'Microsoft.Bcl.AsyncInterfaces, Version=1.0.0.0, Culture=neutral, PublicKeyToken=cc7b13ffcd2ddd51'
 ---> System.IO.FileNotFoundException: Could not load file or assembly 'Microsoft.Bcl.AsyncInterfaces, Culture=neutral, PublicKeyToken=null'. Не удается найти указанный файл.
File name: 'Microsoft.Bcl.AsyncInterfaces, Culture=neutral, PublicKeyToken=null'
   at System.Reflection.RuntimeAssembly.InternalLoad(AssemblyName assemblyName, StackCrawlMark& stackMark, AssemblyLoadContext assemblyLoadContext, RuntimeAssembly requestingAssembly, Boolean throwOnFileNotFound)
   at System.Reflection.Assembly.Load(AssemblyName assemblyRef)
   at Microsoft.VisualStudio.TestPlatform.Common.ExtensionFramework.TestPluginCache.CurrentDomainAssemblyResolve(Object sender, AssemblyResolveEventArgs args) in /_/src/Microsoft.TestPlatform.Common/ExtensionFramework/TestPluginCache.cs:line 513
   at System.Runtime.Loader.AssemblyLoadContext.GetFirstResolvedAssemblyFromResolvingEvent(AssemblyName assemblyName)
   at System.Runtime.Loader.AssemblyLoadContext.ResolveUsingEvent(AssemblyName assemblyName)
   at System.Runtime.Loader.AssemblyLoadContext.ResolveUsingResolvingEvent(IntPtr gchManagedAssemblyLoadContext, AssemblyName assemblyName)
TpTrace Information: 0 : 1480, 1, 2023/10/22, 18:38:41.417, 242352611975, vstest.console.dll, AssemblyResolver.OnResolve: Microsoft.TestPlatform.Extensions.BlameDataCollector: Resolving assembly.
TpTrace Information: 0 : 1480, 1, 2023/10/22, 18:38:41.417, 242352612235, vstest.console.dll, AssemblyResolver.OnResolve: Microsoft.TestPlatform.Extensions.BlameDataCollector: Searching in: 'C:\Program Files\dotnet\sdk\7.0.401\Extensions'.
TpTrace Information: 0 : 1480, 1, 2023/10/22, 18:38:41.418, 242352615293, vstest.console.dll, AssemblyResolver.OnResolve: Microsoft.TestPlatform.Extensions.BlameDataCollector: Loading assembly 'C:\Program Files\dotnet\sdk\7.0.401\Extensions\Microsoft.TestPlatform.Extensions.BlameDataCollector.dll'.
TpTrace Information: 0 : 1480, 1, 2023/10/22, 18:38:41.418, 242352618932, vstest.console.dll, AssemblyResolver.OnResolve: Resolved assembly: Microsoft.TestPlatform.Extensions.BlameDataCollector, from path: C:\Program Files\dotnet\sdk\7.0.401\Extensions\Microsoft.TestPlatform.Extensions.BlameDataCollector.dll
TpTrace Verbose: 0 : 1480, 1, 2023/10/22, 18:38:41.418, 242352619503, vstest.console.dll, MetadataReaderExtensionsHelper: Discovering extensions inside assembly 'Microsoft.TestPlatform.Extensions.BlameDataCollector, Version=15.0.0.0, Culture=neutral, PublicKeyToken=b03f5f7f11d50a3a' file path 'C:\Program Files\dotnet\sdk\7.0.401\Extensions\Microsoft.TestPlatform.Extensions.BlameDataCollector.dll'
TpTrace Information: 0 : 1480, 1, 2023/10/22, 18:38:41.419, 242352632126, vstest.console.dll, AssemblyResolver.OnResolve: Microsoft.TestPlatform.Extensions.EventLogCollector: Resolving assembly.
TpTrace Information: 0 : 1480, 1, 2023/10/22, 18:38:41.419, 242352632732, vstest.console.dll, AssemblyResolver.OnResolve: Microsoft.TestPlatform.Extensions.EventLogCollector: Searching in: 'C:\Program Files\dotnet\sdk\7.0.401\Extensions'.
TpTrace Information: 0 : 1480, 1, 2023/10/22, 18:38:41.420, 242352635362, vstest.console.dll, AssemblyResolver.OnResolve: Microsoft.TestPlatform.Extensions.EventLogCollector: Loading assembly 'C:\Program Files\dotnet\sdk\7.0.401\Extensions\Microsoft.TestPlatform.Extensions.EventLogCollector.dll'.
TpTrace Information: 0 : 1480, 1, 2023/10/22, 18:38:41.420, 242352637905, vstest.console.dll, AssemblyResolver.OnResolve: Resolved assembly: Microsoft.TestPlatform.Extensions.EventLogCollector, from path: C:\Program Files\dotnet\sdk\7.0.401\Extensions\Microsoft.TestPlatform.Extensions.EventLogCollector.dll
TpTrace Verbose: 0 : 1480, 1, 2023/10/22, 18:38:41.420, 242352638250, vstest.console.dll, MetadataReaderExtensionsHelper: Discovering extensions inside assembly 'Microsoft.TestPlatform.Extensions.EventLogCollector, Version=15.0.0.0, Culture=neutral, PublicKeyToken=b03f5f7f11d50a3a' file path 'C:\Program Files\dotnet\sdk\7.0.401\Extensions\Microsoft.TestPlatform.Extensions.EventLogCollector.dll'
TpTrace Information: 0 : 1480, 1, 2023/10/22, 18:38:41.421, 242352650804, vstest.console.dll, AssemblyResolver.OnResolve: Microsoft.TestPlatform.TestHostRuntimeProvider: Resolving assembly.
TpTrace Information: 0 : 1480, 1, 2023/10/22, 18:38:41.421, 242352651274, vstest.console.dll, AssemblyResolver.OnResolve: Microsoft.TestPlatform.TestHostRuntimeProvider: Searching in: 'C:\Program Files\dotnet\sdk\7.0.401\Extensions'.
TpTrace Information: 0 : 1480, 1, 2023/10/22, 18:38:41.422, 242352654081, vstest.console.dll, AssemblyResolver.OnResolve: Microsoft.TestPlatform.TestHostRuntimeProvider: Loading assembly 'C:\Program Files\dotnet\sdk\7.0.401\Extensions\Microsoft.TestPlatform.TestHostRuntimeProvider.dll'.
TpTrace Information: 0 : 1480, 1, 2023/10/22, 18:38:41.422, 242352657114, vstest.console.dll, AssemblyResolver.OnResolve: Resolved assembly: Microsoft.TestPlatform.TestHostRuntimeProvider, from path: C:\Program Files\dotnet\sdk\7.0.401\Extensions\Microsoft.TestPlatform.TestHostRuntimeProvider.dll
TpTrace Verbose: 0 : 1480, 1, 2023/10/22, 18:38:41.422, 242352657564, vstest.console.dll, MetadataReaderExtensionsHelper: Discovering extensions inside assembly 'Microsoft.TestPlatform.TestHostRuntimeProvider, Version=15.0.0.0, Culture=neutral, PublicKeyToken=b03f5f7f11d50a3a' file path 'C:\Program Files\dotnet\sdk\7.0.401\Extensions\Microsoft.TestPlatform.TestHostRuntimeProvider.dll'
TpTrace Information: 0 : 1480, 1, 2023/10/22, 18:38:41.423, 242352670145, vstest.console.dll, GetTestExtensionFromType: Register extension with identifier data 'HostProvider://DefaultTestHost' and type 'Microsoft.VisualStudio.TestPlatform.CrossPlatEngine.Hosting.DefaultTestHostManager, Microsoft.TestPlatform.TestHostRuntimeProvider, Version=15.0.0.0, Culture=neutral, PublicKeyToken=b03f5f7f11d50a3a' inside file 'C:\Program Files\dotnet\sdk\7.0.401\Extensions\Microsoft.TestPlatform.TestHostRuntimeProvider.dll'
TpTrace Information: 0 : 1480, 1, 2023/10/22, 18:38:41.423, 242352671935, vstest.console.dll, GetTestExtensionFromType: Register extension with identifier data 'HostProvider://DotnetTestHost' and type 'Microsoft.VisualStudio.TestPlatform.CrossPlatEngine.Hosting.DotnetTestHostManager, Microsoft.TestPlatform.TestHostRuntimeProvider, Version=15.0.0.0, Culture=neutral, PublicKeyToken=b03f5f7f11d50a3a' inside file 'C:\Program Files\dotnet\sdk\7.0.401\Extensions\Microsoft.TestPlatform.TestHostRuntimeProvider.dll'
TpTrace Information: 0 : 1480, 1, 2023/10/22, 18:38:41.423, 242352672391, vstest.console.dll, AssemblyResolver.OnResolve: Microsoft.VisualStudio.TestPlatform.Extensions.Html.TestLogger: Resolving assembly.
TpTrace Information: 0 : 1480, 1, 2023/10/22, 18:38:41.423, 242352672628, vstest.console.dll, AssemblyResolver.OnResolve: Microsoft.VisualStudio.TestPlatform.Extensions.Html.TestLogger: Searching in: 'C:\Program Files\dotnet\sdk\7.0.401\Extensions'.
TpTrace Information: 0 : 1480, 1, 2023/10/22, 18:38:41.424, 242352675222, vstest.console.dll, AssemblyResolver.OnResolve: Microsoft.VisualStudio.TestPlatform.Extensions.Html.TestLogger: Loading assembly 'C:\Program Files\dotnet\sdk\7.0.401\Extensions\Microsoft.VisualStudio.TestPlatform.Extensions.Html.TestLogger.dll'.
TpTrace Information: 0 : 1480, 1, 2023/10/22, 18:38:41.424, 242352678632, vstest.console.dll, AssemblyResolver.OnResolve: Resolved assembly: Microsoft.VisualStudio.TestPlatform.Extensions.Html.TestLogger, from path: C:\Program Files\dotnet\sdk\7.0.401\Extensions\Microsoft.VisualStudio.TestPlatform.Extensions.Html.TestLogger.dll
TpTrace Verbose: 0 : 1480, 1, 2023/10/22, 18:38:41.424, 242352679146, vstest.console.dll, MetadataReaderExtensionsHelper: Discovering extensions inside assembly 'Microsoft.VisualStudio.TestPlatform.Extensions.Html.TestLogger, Version=15.0.0.0, Culture=neutral, PublicKeyToken=b03f5f7f11d50a3a' file path 'C:\Program Files\dotnet\sdk\7.0.401\Extensions\Microsoft.VisualStudio.TestPlatform.Extensions.Html.TestLogger.dll'
TpTrace Information: 0 : 1480, 1, 2023/10/22, 18:38:41.425, 242352684400, vstest.console.dll, AssemblyResolver.OnResolve: Microsoft.VisualStudio.TestPlatform.Extensions.Trx.TestLogger: Resolving assembly.
TpTrace Information: 0 : 1480, 1, 2023/10/22, 18:38:41.425, 242352684810, vstest.console.dll, AssemblyResolver.OnResolve: Microsoft.VisualStudio.TestPlatform.Extensions.Trx.TestLogger: Searching in: 'C:\Program Files\dotnet\sdk\7.0.401\Extensions'.
TpTrace Information: 0 : 1480, 1, 2023/10/22, 18:38:41.425, 242352687159, vstest.console.dll, AssemblyResolver.OnResolve: Microsoft.VisualStudio.TestPlatform.Extensions.Trx.TestLogger: Loading assembly 'C:\Program Files\dotnet\sdk\7.0.401\Extensions\Microsoft.VisualStudio.TestPlatform.Extensions.Trx.TestLogger.dll'.
TpTrace Information: 0 : 1480, 1, 2023/10/22, 18:38:41.425, 242352690039, vstest.console.dll, AssemblyResolver.OnResolve: Resolved assembly: Microsoft.VisualStudio.TestPlatform.Extensions.Trx.TestLogger, from path: C:\Program Files\dotnet\sdk\7.0.401\Extensions\Microsoft.VisualStudio.TestPlatform.Extensions.Trx.TestLogger.dll
TpTrace Verbose: 0 : 1480, 1, 2023/10/22, 18:38:41.425, 242352690663, vstest.console.dll, MetadataReaderExtensionsHelper: Discovering extensions inside assembly 'Microsoft.VisualStudio.TestPlatform.Extensions.Trx.TestLogger, Version=15.0.0.0, Culture=neutral, PublicKeyToken=b03f5f7f11d50a3a' file path 'C:\Program Files\dotnet\sdk\7.0.401\Extensions\Microsoft.VisualStudio.TestPlatform.Extensions.Trx.TestLogger.dll'
TpTrace Verbose: 0 : 1480, 1, 2023/10/22, 18:38:41.426, 242352698444, vstest.console.dll, TestPluginCache: Discovered the extensions using extension path ''.
TpTrace Verbose: 0 : 1480, 1, 2023/10/22, 18:38:41.426, 242352698860, vstest.console.dll, TestPluginCache: Discoverers are ''.
TpTrace Verbose: 0 : 1480, 1, 2023/10/22, 18:38:41.426, 242352698980, vstest.console.dll, TestPluginCache: Executors are ''.
TpTrace Verbose: 0 : 1480, 1, 2023/10/22, 18:38:41.426, 242352699079, vstest.console.dll, TestPluginCache: Executors2 are ''.
TpTrace Verbose: 0 : 1480, 1, 2023/10/22, 18:38:41.426, 242352699172, vstest.console.dll, TestPluginCache: Setting providers are ''.
TpTrace Verbose: 0 : 1480, 1, 2023/10/22, 18:38:41.426, 242352699289, vstest.console.dll, TestPluginCache: Loggers are ''.
TpTrace Verbose: 0 : 1480, 1, 2023/10/22, 18:38:41.426, 242352699674, vstest.console.dll, TestPluginCache: TestHosts are 'HostProvider://DefaultTestHost,HostProvider://DotnetTestHost'.
TpTrace Verbose: 0 : 1480, 1, 2023/10/22, 18:38:41.426, 242352699787, vstest.console.dll, TestPluginCache: DataCollectors are ''.
TpTrace Information: 0 : 1480, 1, 2023/10/22, 18:38:41.432, 242352762001, vstest.console.dll, RunTestsArgumentProcessor:Execute: Test run is starting.
TpTrace Verbose: 0 : 1480, 1, 2023/10/22, 18:38:41.432, 242352762577, vstest.console.dll, RunTestsArgumentProcessor:Execute: Queuing Test run.
TpTrace Information: 0 : 1480, 1, 2023/10/22, 18:38:41.432, 242352763908, vstest.console.dll, TestRequestManager.RunTests: run tests started.
TpTrace Information: 0 : 1480, 1, 2023/10/22, 18:38:41.433, 242352770456, vstest.console.dll, AssemblyMetadataProvider.GetFrameworkName: Determined framework:'.NETCoreApp,Version=v7.0' for source: 'C:\Users\li4e9\source\repos\TestProject1\TestProject1\bin\Debug\net7.0-windows7.0\fine-code-coverage\build-output\TestProject1.dll'
TpTrace Information: 0 : 1480, 1, 2023/10/22, 18:38:41.433, 242352771392, vstest.console.dll, Determined framework for all sources: .NETCoreApp,Version=v7.0
TpTrace Verbose: 0 : 1480, 1, 2023/10/22, 18:38:41.433, 242352773710, vstest.console.dll, TestRequestManager.UpdateRunSettingsIfRequired: Default architecture: X64 IsDefaultTargetArchitecture: True, Current process architecture: X64 OperatingSystem: Windows.
TpTrace Information: 0 : 1480, 1, 2023/10/22, 18:38:41.435, 242352785068, vstest.console.dll, AssemblyMetadataProvider.GetArchitecture: Determined architecture:AnyCPU info for assembly: C:\Users\li4e9\source\repos\TestProject1\TestProject1\bin\Debug\net7.0-windows7.0\fine-code-coverage\build-output\TestProject1.dll
TpTrace Information: 0 : 1480, 1, 2023/10/22, 18:38:41.435, 242352785413, vstest.console.dll, Determined platform for source 'C:\Users\li4e9\source\repos\TestProject1\TestProject1\bin\Debug\net7.0-windows7.0\fine-code-coverage\build-output\TestProject1.dll' was AnyCPU and it will use the default plaform X64.
TpTrace Information: 0 : 1480, 1, 2023/10/22, 18:38:41.435, 242352785547, vstest.console.dll, None of the sources provided any runnable platform, using the default platform: X64
TpTrace Information: 0 : 1480, 1, 2023/10/22, 18:38:41.435, 242352786029, vstest.console.dll, Platform was updated to 'X64'.
TpTrace Information: 0 : 1480, 1, 2023/10/22, 18:38:41.437, 242352806194, vstest.console.dll, InferRunSettingsHelper.IsTestSettingsEnabled: Unable to navigate to RunSettings/MSTest. Current node: RunSettings
TpTrace Information: 0 : 1480, 1, 2023/10/22, 18:38:41.437, 242352809996, vstest.console.dll, AssemblyResolver.OnResolve: Microsoft.VisualStudio.TestPlatform.Fakes: Resolving assembly.
TpTrace Information: 0 : 1480, 1, 2023/10/22, 18:38:41.437, 242352810440, vstest.console.dll, AssemblyResolver.OnResolve: Microsoft.VisualStudio.TestPlatform.Fakes: Searching in: 'C:\Program Files\dotnet\sdk\7.0.401\Extensions'.
TpTrace Information: 0 : 1480, 1, 2023/10/22, 18:38:41.437, 242352810885, vstest.console.dll, AssemblyResolver.OnResolve: Microsoft.VisualStudio.TestPlatform.Fakes: Assembly path does not exist: 'C:\Program Files\dotnet\sdk\7.0.401\Extensions\Microsoft.VisualStudio.TestPlatform.Fakes.dll', returning.
TpTrace Information: 0 : 1480, 1, 2023/10/22, 18:38:41.437, 242352811087, vstest.console.dll, AssemblyResolver.OnResolve: Microsoft.VisualStudio.TestPlatform.Fakes: Assembly path does not exist: 'C:\Program Files\dotnet\sdk\7.0.401\Extensions\Microsoft.VisualStudio.TestPlatform.Fakes.exe', returning.
TpTrace Information: 0 : 1480, 1, 2023/10/22, 18:38:41.437, 242352811189, vstest.console.dll, AssemblyResolver.OnResolve: Microsoft.VisualStudio.TestPlatform.Fakes: Searching in: 'C:\Program Files\dotnet\sdk\7.0.401'.
TpTrace Information: 0 : 1480, 1, 2023/10/22, 18:38:41.437, 242352811415, vstest.console.dll, AssemblyResolver.OnResolve: Microsoft.VisualStudio.TestPlatform.Fakes: Assembly path does not exist: 'C:\Program Files\dotnet\sdk\7.0.401\Microsoft.VisualStudio.TestPlatform.Fakes.dll', returning.
TpTrace Information: 0 : 1480, 1, 2023/10/22, 18:38:41.437, 242352811625, vstest.console.dll, AssemblyResolver.OnResolve: Microsoft.VisualStudio.TestPlatform.Fakes: Assembly path does not exist: 'C:\Program Files\dotnet\sdk\7.0.401\Microsoft.VisualStudio.TestPlatform.Fakes.exe', returning.
TpTrace Information: 0 : 1480, 1, 2023/10/22, 18:38:41.437, 242352811749, vstest.console.dll, AssemblyResolver.OnResolve: Microsoft.VisualStudio.TestPlatform.Fakes: Failed to load assembly.
TpTrace Information: 0 : 1480, 1, 2023/10/22, 18:38:41.437, 242352813386, vstest.console.dll, Failed to load assembly Microsoft.VisualStudio.TestPlatform.Fakes, Version=17.0.0.0, Culture=neutral. Reason:System.IO.FileNotFoundException: Could not load file or assembly 'Microsoft.VisualStudio.TestPlatform.Fakes, Version=17.0.0.0, Culture=neutral, PublicKeyToken=null'. Не удается найти указанный файл.
File name: 'Microsoft.VisualStudio.TestPlatform.Fakes, Version=17.0.0.0, Culture=neutral, PublicKeyToken=null'
   at System.Reflection.RuntimeAssembly.InternalLoad(AssemblyName assemblyName, StackCrawlMark& stackMark, AssemblyLoadContext assemblyLoadContext, RuntimeAssembly requestingAssembly, Boolean throwOnFileNotFound)
   at System.Reflection.Assembly.Load(AssemblyName assemblyRef)
   at Microsoft.VisualStudio.TestPlatform.Common.Utilities.FakesUtilities.LoadTestPlatformAssembly() in /_/src/Microsoft.TestPlatform.Common/Utilities/FakesUtilities.cs:line 272
TpTrace Verbose: 0 : 1480, 1, 2023/10/22, 18:38:41.439, 242352832149, vstest.console.dll, TestPluginCache.DiscoverTestExtensions: finding test extensions in assemblies ends with: TestLogger.dll TPluginInfo: Microsoft.VisualStudio.TestPlatform.Common.ExtensionFramework.Utilities.TestLoggerPluginInformation TExtension: Microsoft.VisualStudio.TestPlatform.ObjectModel.Client.ITestLogger
TpTrace Verbose: 0 : 1480, 1, 2023/10/22, 18:38:41.439, 242352832725, vstest.console.dll, TestPluginCache.GetExtensionPaths: Filtered extension paths: 
TpTrace Verbose: 0 : 1480, 1, 2023/10/22, 18:38:41.439, 242352833003, vstest.console.dll, TestPluginCache.GetExtensionPaths: Added default extension paths: C:\Program Files\dotnet\sdk\7.0.401\Extensions\Microsoft.Diagnostics.NETCore.Client.dll
C:\Program Files\dotnet\sdk\7.0.401\Extensions\Microsoft.TestPlatform.Extensions.BlameDataCollector.dll
C:\Program Files\dotnet\sdk\7.0.401\Extensions\Microsoft.TestPlatform.Extensions.EventLogCollector.dll
C:\Program Files\dotnet\sdk\7.0.401\Extensions\Microsoft.TestPlatform.TestHostRuntimeProvider.dll
C:\Program Files\dotnet\sdk\7.0.401\Extensions\Microsoft.VisualStudio.TestPlatform.Extensions.Html.TestLogger.dll
C:\Program Files\dotnet\sdk\7.0.401\Extensions\Microsoft.VisualStudio.TestPlatform.Extensions.Trx.TestLogger.dll
TpTrace Verbose: 0 : 1480, 1, 2023/10/22, 18:38:41.439, 242352833120, vstest.console.dll, TestPluginCache.GetExtensionPaths: Added unfilterableExtensionPaths: 
TpTrace Information: 0 : 1480, 1, 2023/10/22, 18:38:41.439, 242352833745, vstest.console.dll, AssemblyResolver.AddSearchDirectories: Adding more searchDirectories C:\Program Files\dotnet\sdk\7.0.401\Extensions,C:\Program Files\dotnet\sdk\7.0.401
TpTrace Verbose: 0 : 1480, 1, 2023/10/22, 18:38:41.439, 242352833917, vstest.console.dll, TestPluginCache.DiscoverTestExtensions: Discovering the extensions using extension path.
TpTrace Verbose: 0 : 1480, 1, 2023/10/22, 18:38:41.439, 242352834047, vstest.console.dll, TestPluginCache.GetExtensionPaths: Filtered extension paths: 
TpTrace Verbose: 0 : 1480, 1, 2023/10/22, 18:38:41.440, 242352834173, vstest.console.dll, TestPluginCache.GetExtensionPaths: Added default extension paths: C:\Program Files\dotnet\sdk\7.0.401\Extensions\Microsoft.Diagnostics.NETCore.Client.dll
C:\Program Files\dotnet\sdk\7.0.401\Extensions\Microsoft.TestPlatform.Extensions.BlameDataCollector.dll
C:\Program Files\dotnet\sdk\7.0.401\Extensions\Microsoft.TestPlatform.Extensions.EventLogCollector.dll
C:\Program Files\dotnet\sdk\7.0.401\Extensions\Microsoft.TestPlatform.TestHostRuntimeProvider.dll
C:\Program Files\dotnet\sdk\7.0.401\Extensions\Microsoft.VisualStudio.TestPlatform.Extensions.Html.TestLogger.dll
C:\Program Files\dotnet\sdk\7.0.401\Extensions\Microsoft.VisualStudio.TestPlatform.Extensions.Trx.TestLogger.dll
TpTrace Verbose: 0 : 1480, 1, 2023/10/22, 18:38:41.440, 242352834285, vstest.console.dll, TestPluginCache.GetExtensionPaths: Added unfilterableExtensionPaths: 
TpTrace Verbose: 0 : 1480, 1, 2023/10/22, 18:38:41.440, 242352834416, vstest.console.dll, TestPluginCache.DiscoverTestExtensions: Discovering the extensions using allExtensionPaths: C:\Program Files\dotnet\sdk\7.0.401\Extensions\Microsoft.Diagnostics.NETCore.Client.dll
C:\Program Files\dotnet\sdk\7.0.401\Extensions\Microsoft.TestPlatform.Extensions.BlameDataCollector.dll
C:\Program Files\dotnet\sdk\7.0.401\Extensions\Microsoft.TestPlatform.Extensions.EventLogCollector.dll
C:\Program Files\dotnet\sdk\7.0.401\Extensions\Microsoft.TestPlatform.TestHostRuntimeProvider.dll
C:\Program Files\dotnet\sdk\7.0.401\Extensions\Microsoft.VisualStudio.TestPlatform.Extensions.Html.TestLogger.dll
C:\Program Files\dotnet\sdk\7.0.401\Extensions\Microsoft.VisualStudio.TestPlatform.Extensions.Trx.TestLogger.dll
TpTrace Information: 0 : 1480, 1, 2023/10/22, 18:38:41.440, 242352834912, vstest.console.dll, AssemblyResolver.AddSearchDirectories: Adding more searchDirectories C:\Program Files\dotnet\sdk\7.0.401\Extensions,C:\Program Files\dotnet\sdk\7.0.401
TpTrace Information: 0 : 1480, 1, 2023/10/22, 18:38:41.440, 242352835063, vstest.console.dll, AssemblyResolver.AddSearchDirectories: Adding more searchDirectories C:\Program Files\dotnet\sdk\7.0.401\Extensions,C:\Program Files\dotnet\sdk\7.0.401
TpTrace Information: 0 : 1480, 1, 2023/10/22, 18:38:41.440, 242352835172, vstest.console.dll, AssemblyResolver.AddSearchDirectories: Adding more searchDirectories C:\Program Files\dotnet\sdk\7.0.401\Extensions,C:\Program Files\dotnet\sdk\7.0.401
TpTrace Information: 0 : 1480, 1, 2023/10/22, 18:38:41.440, 242352835277, vstest.console.dll, AssemblyResolver.AddSearchDirectories: Adding more searchDirectories C:\Program Files\dotnet\sdk\7.0.401\Extensions,C:\Program Files\dotnet\sdk\7.0.401
TpTrace Information: 0 : 1480, 1, 2023/10/22, 18:38:41.440, 242352835398, vstest.console.dll, AssemblyResolver.AddSearchDirectories: Adding more searchDirectories C:\Program Files\dotnet\sdk\7.0.401\Extensions,C:\Program Files\dotnet\sdk\7.0.401
TpTrace Information: 0 : 1480, 1, 2023/10/22, 18:38:41.440, 242352835505, vstest.console.dll, AssemblyResolver.AddSearchDirectories: Adding more searchDirectories C:\Program Files\dotnet\sdk\7.0.401\Extensions,C:\Program Files\dotnet\sdk\7.0.401
TpTrace Verbose: 0 : 1480, 1, 2023/10/22, 18:38:41.440, 242352836048, vstest.console.dll, MetadataReaderExtensionsHelper: Discovering extensions inside assembly 'Microsoft.Diagnostics.NETCore.Client, Version=0.2.8.21101, Culture=neutral, PublicKeyToken=31bf3856ad364e35' file path 'C:\Program Files\dotnet\sdk\7.0.401\Extensions\Microsoft.Diagnostics.NETCore.Client.dll'
TpTrace Information: 0 : 1480, 1, 2023/10/22, 18:38:41.440, 242352841351, vstest.console.dll, AssemblyResolver.OnResolve: Microsoft.Bcl.AsyncInterfaces: Resolving assembly.
TpTrace Information: 0 : 1480, 1, 2023/10/22, 18:38:41.440, 242352841900, vstest.console.dll, AssemblyResolver.OnResolve: Microsoft.Bcl.AsyncInterfaces: Resolved from cache.
TpTrace Verbose: 0 : 1480, 1, 2023/10/22, 18:38:41.440, 242352842051, vstest.console.dll, CurrentDomainAssemblyResolve: Resolving assembly 'Microsoft.Bcl.AsyncInterfaces'.
TpTrace Information: 0 : 1480, 1, 2023/10/22, 18:38:41.440, 242352842256, vstest.console.dll, AssemblyResolver.OnResolve: Microsoft.Bcl.AsyncInterfaces: Resolving assembly.
TpTrace Information: 0 : 1480, 1, 2023/10/22, 18:38:41.440, 242352842361, vstest.console.dll, AssemblyResolver.OnResolve: Microsoft.Bcl.AsyncInterfaces: Resolved from cache.
TpTrace Verbose: 0 : 1480, 1, 2023/10/22, 18:38:41.440, 242352842472, vstest.console.dll, CurrentDomainAssemblyResolve: Resolving assembly 'Microsoft.Bcl.AsyncInterfaces'.
TpTrace Verbose: 0 : 1480, 1, 2023/10/22, 18:38:41.440, 242352842570, vstest.console.dll, CurrentDomainAssemblyResolve: Failed to resolve assembly 'Microsoft.Bcl.AsyncInterfaces'.
TpTrace Verbose: 0 : 1480, 1, 2023/10/22, 18:38:41.440, 242352843534, vstest.console.dll, CurrentDomainAssemblyResolve: Failed to resolve assembly 'Microsoft.Bcl.AsyncInterfaces'.
TpTrace Warning: 0 : 1480, 1, 2023/10/22, 18:38:41.441, 242352845533, vstest.console.dll, TestPluginDiscoverer: Failed to get types from assembly 'Microsoft.Diagnostics.NETCore.Client, Version=0.2.8.21101, Culture=neutral, PublicKeyToken=31bf3856ad364e35'. Error: System.Reflection.ReflectionTypeLoadException: Unable to load one or more of the requested types.
Could not load file or assembly 'Microsoft.Bcl.AsyncInterfaces, Version=1.0.0.0, Culture=neutral, PublicKeyToken=cc7b13ffcd2ddd51'. Не удается найти указанный файл.
   at System.Reflection.RuntimeModule.GetTypes(RuntimeModule module)
   at System.Reflection.Assembly.GetTypes()
   at Microsoft.VisualStudio.TestPlatform.Common.ExtensionFramework.TestPluginDiscoverer.GetTestExtensionsFromAssembly[TPluginInfo,TExtension](Assembly assembly, Dictionary`2 pluginInfos, String filePath) in /_/src/Microsoft.TestPlatform.Common/ExtensionFramework/TestPluginDiscoverer.cs:line 158
System.IO.FileNotFoundException: Could not load file or assembly 'Microsoft.Bcl.AsyncInterfaces, Version=1.0.0.0, Culture=neutral, PublicKeyToken=cc7b13ffcd2ddd51'. Не удается найти указанный файл.
File name: 'Microsoft.Bcl.AsyncInterfaces, Version=1.0.0.0, Culture=neutral, PublicKeyToken=cc7b13ffcd2ddd51'
 ---> System.IO.FileNotFoundException: Could not load file or assembly 'Microsoft.Bcl.AsyncInterfaces, Culture=neutral, PublicKeyToken=null'. Не удается найти указанный файл.
File name: 'Microsoft.Bcl.AsyncInterfaces, Culture=neutral, PublicKeyToken=null'
   at System.Reflection.RuntimeAssembly.InternalLoad(AssemblyName assemblyName, StackCrawlMark& stackMark, AssemblyLoadContext assemblyLoadContext, RuntimeAssembly requestingAssembly, Boolean throwOnFileNotFound)
   at System.Reflection.Assembly.Load(AssemblyName assemblyRef)
   at Microsoft.VisualStudio.TestPlatform.Common.ExtensionFramework.TestPluginCache.CurrentDomainAssemblyResolve(Object sender, AssemblyResolveEventArgs args) in /_/src/Microsoft.TestPlatform.Common/ExtensionFramework/TestPluginCache.cs:line 513
   at System.Runtime.Loader.AssemblyLoadContext.GetFirstResolvedAssemblyFromResolvingEvent(AssemblyName assemblyName)
   at System.Runtime.Loader.AssemblyLoadContext.ResolveUsingEvent(AssemblyName assemblyName)
   at System.Runtime.Loader.AssemblyLoadContext.ResolveUsingResolvingEvent(IntPtr gchManagedAssemblyLoadContext, AssemblyName assemblyName)
TpTrace Warning: 0 : 1480, 1, 2023/10/22, 18:38:41.441, 242352846304, vstest.console.dll, LoaderExceptions: System.IO.FileNotFoundException: Could not load file or assembly 'Microsoft.Bcl.AsyncInterfaces, Version=1.0.0.0, Culture=neutral, PublicKeyToken=cc7b13ffcd2ddd51'. Не удается найти указанный файл.
File name: 'Microsoft.Bcl.AsyncInterfaces, Version=1.0.0.0, Culture=neutral, PublicKeyToken=cc7b13ffcd2ddd51'
 ---> System.IO.FileNotFoundException: Could not load file or assembly 'Microsoft.Bcl.AsyncInterfaces, Culture=neutral, PublicKeyToken=null'. Не удается найти указанный файл.
File name: 'Microsoft.Bcl.AsyncInterfaces, Culture=neutral, PublicKeyToken=null'
   at System.Reflection.RuntimeAssembly.InternalLoad(AssemblyName assemblyName, StackCrawlMark& stackMark, AssemblyLoadContext assemblyLoadContext, RuntimeAssembly requestingAssembly, Boolean throwOnFileNotFound)
   at System.Reflection.Assembly.Load(AssemblyName assemblyRef)
   at Microsoft.VisualStudio.TestPlatform.Common.ExtensionFramework.TestPluginCache.CurrentDomainAssemblyResolve(Object sender, AssemblyResolveEventArgs args) in /_/src/Microsoft.TestPlatform.Common/ExtensionFramework/TestPluginCache.cs:line 513
   at System.Runtime.Loader.AssemblyLoadContext.GetFirstResolvedAssemblyFromResolvingEvent(AssemblyName assemblyName)
   at System.Runtime.Loader.AssemblyLoadContext.ResolveUsingEvent(AssemblyName assemblyName)
   at System.Runtime.Loader.AssemblyLoadContext.ResolveUsingResolvingEvent(IntPtr gchManagedAssemblyLoadContext, AssemblyName assemblyName)
TpTrace Verbose: 0 : 1480, 1, 2023/10/22, 18:38:41.441, 242352846660, vstest.console.dll, MetadataReaderExtensionsHelper: Discovering extensions inside assembly 'Microsoft.TestPlatform.Extensions.BlameDataCollector, Version=15.0.0.0, Culture=neutral, PublicKeyToken=b03f5f7f11d50a3a' file path 'C:\Program Files\dotnet\sdk\7.0.401\Extensions\Microsoft.TestPlatform.Extensions.BlameDataCollector.dll'
TpTrace Information: 0 : 1480, 1, 2023/10/22, 18:38:41.441, 242352850176, vstest.console.dll, GetTestExtensionFromType: Register extension with identifier data 'logger://Microsoft/TestPlatform/Extensions/Blame/v1' and type 'Microsoft.TestPlatform.Extensions.BlameDataCollector.BlameLogger, Microsoft.TestPlatform.Extensions.BlameDataCollector, Version=15.0.0.0, Culture=neutral, PublicKeyToken=b03f5f7f11d50a3a' inside file 'C:\Program Files\dotnet\sdk\7.0.401\Extensions\Microsoft.TestPlatform.Extensions.BlameDataCollector.dll'
TpTrace Verbose: 0 : 1480, 1, 2023/10/22, 18:38:41.441, 242352850634, vstest.console.dll, MetadataReaderExtensionsHelper: Discovering extensions inside assembly 'Microsoft.TestPlatform.Extensions.EventLogCollector, Version=15.0.0.0, Culture=neutral, PublicKeyToken=b03f5f7f11d50a3a' file path 'C:\Program Files\dotnet\sdk\7.0.401\Extensions\Microsoft.TestPlatform.Extensions.EventLogCollector.dll'
TpTrace Verbose: 0 : 1480, 1, 2023/10/22, 18:38:41.441, 242352853000, vstest.console.dll, MetadataReaderExtensionsHelper: Discovering extensions inside assembly 'Microsoft.TestPlatform.TestHostRuntimeProvider, Version=15.0.0.0, Culture=neutral, PublicKeyToken=b03f5f7f11d50a3a' file path 'C:\Program Files\dotnet\sdk\7.0.401\Extensions\Microsoft.TestPlatform.TestHostRuntimeProvider.dll'
TpTrace Verbose: 0 : 1480, 1, 2023/10/22, 18:38:41.442, 242352856144, vstest.console.dll, MetadataReaderExtensionsHelper: Discovering extensions inside assembly 'Microsoft.VisualStudio.TestPlatform.Extensions.Html.TestLogger, Version=15.0.0.0, Culture=neutral, PublicKeyToken=b03f5f7f11d50a3a' file path 'C:\Program Files\dotnet\sdk\7.0.401\Extensions\Microsoft.VisualStudio.TestPlatform.Extensions.Html.TestLogger.dll'
TpTrace Information: 0 : 1480, 1, 2023/10/22, 18:38:41.442, 242352860251, vstest.console.dll, GetTestExtensionFromType: Register extension with identifier data 'logger://Microsoft/TestPlatform/HtmlLogger/v1' and type 'Microsoft.VisualStudio.TestPlatform.Extensions.HtmlLogger.HtmlLogger, Microsoft.VisualStudio.TestPlatform.Extensions.Html.TestLogger, Version=15.0.0.0, Culture=neutral, PublicKeyToken=b03f5f7f11d50a3a' inside file 'C:\Program Files\dotnet\sdk\7.0.401\Extensions\Microsoft.VisualStudio.TestPlatform.Extensions.Html.TestLogger.dll'
TpTrace Verbose: 0 : 1480, 1, 2023/10/22, 18:38:41.442, 242352860725, vstest.console.dll, MetadataReaderExtensionsHelper: Discovering extensions inside assembly 'Microsoft.VisualStudio.TestPlatform.Extensions.Trx.TestLogger, Version=15.0.0.0, Culture=neutral, PublicKeyToken=b03f5f7f11d50a3a' file path 'C:\Program Files\dotnet\sdk\7.0.401\Extensions\Microsoft.VisualStudio.TestPlatform.Extensions.Trx.TestLogger.dll'
TpTrace Information: 0 : 1480, 1, 2023/10/22, 18:38:41.442, 242352863257, vstest.console.dll, GetTestExtensionFromType: Register extension with identifier data 'logger://Microsoft/TestPlatform/TrxLogger/v1' and type 'Microsoft.VisualStudio.TestPlatform.Extensions.TrxLogger.TrxLogger, Microsoft.VisualStudio.TestPlatform.Extensions.Trx.TestLogger, Version=15.0.0.0, Culture=neutral, PublicKeyToken=b03f5f7f11d50a3a' inside file 'C:\Program Files\dotnet\sdk\7.0.401\Extensions\Microsoft.VisualStudio.TestPlatform.Extensions.Trx.TestLogger.dll'
TpTrace Verbose: 0 : 1480, 1, 2023/10/22, 18:38:41.442, 242352863710, vstest.console.dll, TestPluginCache: Discovered the extensions using extension path ''.
TpTrace Verbose: 0 : 1480, 1, 2023/10/22, 18:38:41.442, 242352863842, vstest.console.dll, TestPluginCache: Discoverers are ''.
TpTrace Verbose: 0 : 1480, 1, 2023/10/22, 18:38:41.442, 242352863944, vstest.console.dll, TestPluginCache: Executors are ''.
TpTrace Verbose: 0 : 1480, 1, 2023/10/22, 18:38:41.442, 242352864040, vstest.console.dll, TestPluginCache: Executors2 are ''.
TpTrace Verbose: 0 : 1480, 1, 2023/10/22, 18:38:41.443, 242352864134, vstest.console.dll, TestPluginCache: Setting providers are ''.
TpTrace Verbose: 0 : 1480, 1, 2023/10/22, 18:38:41.443, 242352864486, vstest.console.dll, TestPluginCache: Loggers are 'logger://Microsoft/TestPlatform/Extensions/Blame/v1,logger://Microsoft/TestPlatform/HtmlLogger/v1,logger://Microsoft/TestPlatform/TrxLogger/v1'.
TpTrace Verbose: 0 : 1480, 1, 2023/10/22, 18:38:41.443, 242352864656, vstest.console.dll, TestPluginCache: TestHosts are 'HostProvider://DefaultTestHost,HostProvider://DotnetTestHost'.
TpTrace Verbose: 0 : 1480, 1, 2023/10/22, 18:38:41.443, 242352864768, vstest.console.dll, TestPluginCache: DataCollectors are ''.
TpTrace Information: 0 : 1480, 1, 2023/10/22, 18:38:41.443, 242352869755, vstest.console.dll, TestPluginManager.CreateTestExtension: Attempting to load test extension: Microsoft.TestPlatform.Extensions.BlameDataCollector.BlameLogger
TpTrace Verbose: 0 : 1480, 1, 2023/10/22, 18:38:41.447, 242352912437, vstest.console.dll, TestEngine: Initializing Parallel Execution as MaxCpuCount is set to: 1
TpTrace Information: 0 : 1480, 1, 2023/10/22, 18:38:41.449, 242352924923, vstest.console.dll, TestPluginManager.CreateTestExtension: Attempting to load test extension: Microsoft.VisualStudio.TestPlatform.CrossPlatEngine.Hosting.DefaultTestHostManager
TpTrace Information: 0 : 1480, 1, 2023/10/22, 18:38:41.449, 242352932957, vstest.console.dll, TestPluginManager.CreateTestExtension: Attempting to load test extension: Microsoft.VisualStudio.TestPlatform.CrossPlatEngine.Hosting.DotnetTestHostManager
TpTrace Information: 0 : 1480, 1, 2023/10/22, 18:38:41.450, 242352936902, vstest.console.dll, InferRunSettingsHelper.IsTestSettingsEnabled: Unable to navigate to RunSettings/MSTest. Current node: RunSettings
TpTrace Verbose: 0 : 1480, 1, 2023/10/22, 18:38:41.450, 242352940966, vstest.console.dll, ParallelOperationManager.ClearSlots: Clearing all slots. Slots should accept more work: True
TpTrace Verbose: 0 : 1480, 1, 2023/10/22, 18:38:41.451, 242352945487, vstest.console.dll, ParallelOperationManager.SetOccupiedSlotCount: Setting slot counts AvailableSlotCount = 1, OccupiedSlotCount = 0.
TpTrace Verbose: 0 : 1480, 1, 2023/10/22, 18:38:41.451, 242352947704, vstest.console.dll, Occupied slots:

TpTrace Verbose: 0 : 1480, 1, 2023/10/22, 18:38:41.453, 242352967602, vstest.console.dll, TestEngine.GetExecutionManager: Chosen execution manager 'Microsoft.VisualStudio.TestPlatform.CrossPlatEngine.Client.Parallel.ParallelProxyExecutionManager, Microsoft.TestPlatform.CrossPlatEngine, Version=15.0.0.0, Culture=neutral, PublicKeyToken=b03f5f7f11d50a3a' ParallelLevel '1'.
TpTrace Verbose: 0 : 1480, 1, 2023/10/22, 18:38:41.453, 242352968471, vstest.console.dll, TestRunRequest.ExecuteAsync: Creating test run request.
TpTrace Verbose: 0 : 1480, 1, 2023/10/22, 18:38:41.453, 242352969766, vstest.console.dll, TestRunRequest.ExecuteAsync: Starting.
TpTrace Information: 0 : 1480, 1, 2023/10/22, 18:38:41.453, 242352971224, vstest.console.dll, TestRunRequest.ExecuteAsync: Starting run with settings:TestRunCriteria:
   KeepAlive=False,FrequencyOfRunStatsChangeEvent=10,RunStatsChangeEventTimeout=00:00:01.5000000,TestCaseFilter=,TestExecutorLauncher=
   Settingsxml=<RunSettings>
  <RunConfiguration>
    <ResultsDirectory>C:\Users\li4e9\source\repos\TestProject1\TestProject1\bin\Debug\net7.0-windows7.0\fine-code-coverage\coverage-tool-output</ResultsDirectory>
    <TargetPlatform>X64</TargetPlatform>
    <TargetFrameworkVersion>.NETCoreApp,Version=v7.0</TargetFrameworkVersion>
    <DesignMode>False</DesignMode>
    <CollectSourceInformation>False</CollectSourceInformation>
  </RunConfiguration>
  <LoggerRunSettings>
    <Loggers>
      <Logger friendlyName="blame" enabled="True" />
      <Logger friendlyName="Console" uri="logger://microsoft/TestPlatform/ConsoleLogger/v1" assemblyQualifiedName="Microsoft.VisualStudio.TestPlatform.CommandLine.Internal.ConsoleLogger, vstest.console, Version=15.0.0.0, Culture=neutral, PublicKeyToken=b03f5f7f11d50a3a" codeBase="C:\Program Files\dotnet\sdk\7.0.401\vstest.console.dll" enabled="True" />
    </Loggers>
  </LoggerRunSettings>
  <DataCollectionRunSettings>
    <DataCollectors>
      <DataCollector friendlyName="blame" enabled="True">
        <Configuration>
          <ResultsDirectory>C:\Users\li4e9\source\repos\TestProject1\TestProject1\bin\Debug\net7.0-windows7.0\fine-code-coverage\coverage-tool-output</ResultsDirectory>
        </Configuration>
      </DataCollector>
    </DataCollectors>
  </DataCollectionRunSettings>
</RunSettings>

TpTrace Verbose: 0 : 1480, 1, 2023/10/22, 18:38:41.453, 242352971458, vstest.console.dll, TestRunRequest.ExecuteAsync: Wait for the first run request is over.
TpTrace Verbose: 0 : 1480, 1, 2023/10/22, 18:38:41.453, 242352973134, vstest.console.dll, MulticastDelegateUtilities.SafeInvoke: TestRun.TestRunStart: Invoking callbacks was skipped because there are no subscribers.
TpTrace Verbose: 0 : 1480, 4, 2023/10/22, 18:38:41.454, 242352974731, vstest.console.dll, MulticastDelegateUtilities.SafeInvoke: InternalTestLoggerEvents.SendTestRunStart: Invoking callback 1/1 for Microsoft.VisualStudio.TestPlatform.CommandLine.Internal.ConsoleLogger., took 0 ms.
TpTrace Verbose: 0 : 1480, 1, 2023/10/22, 18:38:41.454, 242352980407, vstest.console.dll, ParallelProxyExecutionManager: Start execution. Total sources: 1
TpTrace Verbose: 0 : 1480, 1, 2023/10/22, 18:38:41.454, 242352982543, vstest.console.dll, ParallelOperationManager.StartWork: Starting adding 1 workloads.
TpTrace Verbose: 0 : 1480, 1, 2023/10/22, 18:38:41.454, 242352983073, vstest.console.dll, ParallelOperationManager.ClearSlots: Clearing all slots. Slots should accept more work: True
TpTrace Verbose: 0 : 1480, 1, 2023/10/22, 18:38:41.454, 242352983437, vstest.console.dll, ParallelOperationManager.SetOccupiedSlotCount: Setting slot counts AvailableSlotCount = 1, OccupiedSlotCount = 0.
TpTrace Verbose: 0 : 1480, 1, 2023/10/22, 18:38:41.454, 242352983601, vstest.console.dll, Occupied slots:

TpTrace Verbose: 0 : 1480, 1, 2023/10/22, 18:38:41.455, 242352991524, vstest.console.dll, TestRequestSender is acting as server.
TpTrace Verbose: 0 : 1480, 1, 2023/10/22, 18:38:41.456, 242352998082, vstest.console.dll, ParallelOperationManager.RunWorkInParallel: Adding 1 workload to slot, remaining workloads 0.
TpTrace Verbose: 0 : 1480, 1, 2023/10/22, 18:38:41.456, 242352998430, vstest.console.dll, ParallelOperationManager.SetOccupiedSlotCount: Setting slot counts AvailableSlotCount = 0, OccupiedSlotCount = 1.
TpTrace Verbose: 0 : 1480, 1, 2023/10/22, 18:38:41.456, 242352998969, vstest.console.dll, Occupied slots:
0: C:\Users\li4e9\source\repos\TestProject1\TestProject1\bin\Debug\net7.0-windows7.0\fine-code-coverage\build-output\TestProject1.dll
TpTrace Verbose: 0 : 1480, 1, 2023/10/22, 18:38:41.457, 242353006052, vstest.console.dll, ParallelOperationManager.RunWorkInParallel: Started host in slot number 0 for work (source): C:\Users\li4e9\source\repos\TestProject1\TestProject1\bin\Debug\net7.0-windows7.0\fine-code-coverage\build-output\TestProject1.dll.
TpTrace Verbose: 0 : 1480, 1, 2023/10/22, 18:38:41.457, 242353010656, vstest.console.dll, ParallelOperationManager.RunWorkInParallel: We started 1 work items, which is the max parallel level. Won't start more work.
TpTrace Verbose: 0 : 1480, 1, 2023/10/22, 18:38:41.457, 242353010982, vstest.console.dll, ParallelOperationManager.RunWorkInParallel: We started 1 work items in here, returning True.
TpTrace Information: 0 : 1480, 1, 2023/10/22, 18:38:41.457, 242353011131, vstest.console.dll, TestRunRequest.ExecuteAsync: Started.
TpTrace Verbose: 0 : 1480, 1, 2023/10/22, 18:38:41.457, 242353011483, vstest.console.dll, TestRunRequest.WaitForCompletion: Waiting with timeout -1.
TpTrace Verbose: 0 : 1480, 5, 2023/10/22, 18:38:41.457, 242353012563, vstest.console.dll, ParallelProxyExecutionManager.StartTestRunOnConcurrentManager: Initializing uninitialized client. Started clients: 0
TpTrace Verbose: 0 : 1480, 5, 2023/10/22, 18:38:41.457, 242353014053, vstest.console.dll, DataCollectionRequestSender.InitializeCommunication : Initialize communication. 
TpTrace Information: 0 : 1480, 5, 2023/10/22, 18:38:41.460, 242353036469, vstest.console.dll, Listening on Endpoint : 127.0.0.1:53592
TpTrace Verbose: 0 : 1480, 5, 2023/10/22, 18:38:41.464, 242353076341, vstest.console.dll, DotnetDataCollectionLauncher: Adding  --runtimeconfig "C:\Program Files\dotnet\sdk\7.0.401\datacollector.runtimeconfig.json" in args
TpTrace Verbose: 0 : 1480, 5, 2023/10/22, 18:38:41.464, 242353076909, vstest.console.dll, DotnetDataCollectionLauncher: Adding  --depsfile "C:\Program Files\dotnet\sdk\7.0.401\datacollector.deps.json" in args
TpTrace Verbose: 0 : 1480, 5, 2023/10/22, 18:38:41.464, 242353077848, vstest.console.dll, DotnetDataCollectionLauncher: Full path of dotnet.exe is C:\Program Files\dotnet\dotnet.exe
TpTrace Information: 0 : 1480, 5, 2023/10/22, 18:38:41.467, 242353112556, vstest.console.dll, ProxyDataCollectionManager.Initialize: Launched datacollector processId: 7440 port: 53592
TpTrace Information: 0 : 1480, 5, 2023/10/22, 18:38:41.467, 242353113509, vstest.console.dll, ProxyDataCollectionManager.Initialize: waiting for connection with timeout: 90 seconds
TpTrace Verbose: 0 : 1480, 5, 2023/10/22, 18:38:41.467, 242353113957, vstest.console.dll, DataCollectionRequestSender.WaitForRequestHandlerConnection : Waiting for connection with timeout: 90000
TpTrace Verbose: 0 : 1480, 5, 2023/10/22, 18:38:41.558, 242354015653, vstest.console.dll, SocketCommunicationManager.WaitForClientConnection took: 90 ms, with 90000 ms timeout, and finished with True.
TpTrace Information: 0 : 1480, 7, 2023/10/22, 18:38:41.558, 242354015584, vstest.console.dll, Using the buffer size of 16384 bytes
TpTrace Verbose: 0 : 1480, 5, 2023/10/22, 18:38:41.558, 242354016846, vstest.console.dll, ProxyDataCollectionManager.InvokeDataCollectionServiceAction: Starting.
TpTrace Information: 0 : 1480, 7, 2023/10/22, 18:38:41.558, 242354017090, vstest.console.dll, Accepted Client request and set the flag
TpTrace Information: 0 : 1480, 5, 2023/10/22, 18:38:41.558, 242354017700, vstest.console.dll, ProxyDataCollectionManager.BeforeTestRunStart: Get environment variable and port for datacollector processId: 7440 port: 53592
TpTrace Verbose: 0 : 1480, 5, 2023/10/22, 18:38:41.558, 242354018541, vstest.console.dll, DataCollectionRequestSender.SendBeforeTestRunStartAndGetResult: Send BeforeTestRunStart message with settingsXml <RunSettings><RunConfiguration><ResultsDirectory>C:\Users\li4e9\source\repos\TestProject1\TestProject1\bin\Debug\net7.0-windows7.0\fine-code-coverage\coverage-tool-output</ResultsDirectory><TargetPlatform>X64</TargetPlatform><TargetFrameworkVersion>.NETCoreApp,Version=v7.0</TargetFrameworkVersion><DesignMode>False</DesignMode><CollectSourceInformation>False</CollectSourceInformation><TestAdaptersPaths>C:\Program Files\dotnet\sdk\7.0.401\Extensions</TestAdaptersPaths></RunConfiguration><LoggerRunSettings><Loggers><Logger friendlyName="blame" enabled="True" /><Logger friendlyName="Console" uri="logger://microsoft/TestPlatform/ConsoleLogger/v1" assemblyQualifiedName="Microsoft.VisualStudio.TestPlatform.CommandLine.Internal.ConsoleLogger, vstest.console, Version=15.0.0.0, Culture=neutral, PublicKeyToken=b03f5f7f11d50a3a" codeBase="C:\Program Files\dotnet\sdk\7.0.401\vstest.console.dll" enabled="True" /></Loggers></LoggerRunSettings><DataCollectionRunSettings><DataCollectors><DataCollector friendlyName="blame" enabled="True"><Configuration><ResultsDirectory>C:\Users\li4e9\source\repos\TestProject1\TestProject1\bin\Debug\net7.0-windows7.0\fine-code-coverage\coverage-tool-output</ResultsDirectory></Configuration></DataCollector></DataCollectors></DataCollectionRunSettings></RunSettings> and sources System.Collections.Generic.List`1[System.String]: 
TpTrace Verbose: 0 : 1480, 5, 2023/10/22, 18:38:41.602, 242354462507, vstest.console.dll, DataCollectionRequestSender.SendBeforeTestRunStartAndGetResult: Received message: (DataCollection.SendMessage) -> {"MessageType":"DataCollection.SendMessage","Payload":{"FriendlyName":null,"Uri":null,"TestCaseId":"00000000-0000-0000-0000-000000000000","Message":"Logging DataCollector Diagnostics in file: C:\\Users\\li4e9\\source\\repos\\TestProject1\\TestProject1\\bin\\Debug\\net7.0-windows7.0\\fine-code-coverage\\coverage-tool-output\\diagnostics.datacollector.23-10-22_18-38-41_46410_5.log","Level":0}}
TpTrace Verbose: 0 : 1480, 5, 2023/10/22, 18:38:41.649, 242354932152, vstest.console.dll, DataCollectionRequestSender.SendBeforeTestRunStartAndGetResult: Received message: (DataCollection.BeforeTestRunStartResult) -> {"MessageType":"DataCollection.BeforeTestRunStartResult","Payload":{"EnvironmentVariables":{},"DataCollectionEventsPort":53594}}
TpTrace Information: 0 : 1480, 5, 2023/10/22, 18:38:41.653, 242354967344, vstest.console.dll, ProxyDataCollectionManager.BeforeTestRunStart: SendBeforeTestRunStartAndGetResult successful, env variable from datacollector:   and testhost port: 53594
TpTrace Information: 0 : 1480, 5, 2023/10/22, 18:38:41.653, 242354967902, vstest.console.dll, ProxyDataCollectionManager.InvokeDataCollectionServiceAction: Completed.
TpTrace Verbose: 0 : 1480, 5, 2023/10/22, 18:38:41.653, 242354968049, vstest.console.dll, ParallelProxyExecutionManager.StartTestRunOnConcurrentManager: Initializing test run. Started clients: 0
TpTrace Verbose: 0 : 1480, 5, 2023/10/22, 18:38:41.653, 242354968487, vstest.console.dll, ProxyExecutionManager: Test host is always Lazy initialize.
TpTrace Verbose: 0 : 1480, 5, 2023/10/22, 18:38:41.653, 242354969828, vstest.console.dll, TestRequestSender.InitializeCommunication: initialize communication. 
TpTrace Information: 0 : 1480, 5, 2023/10/22, 18:38:41.653, 242354973048, vstest.console.dll, SocketServer.Start: Listening on endpoint : 127.0.0.1:53595
TpTrace Verbose: 0 : 1480, 5, 2023/10/22, 18:38:41.654, 242354978680, vstest.console.dll, DotnetTestHostmanager.GetTestHostProcessStartInfo: Platform environment 'X64' target architecture 'X64' framework '.NETCoreApp,Version=v7.0' OS 'Windows'
TpTrace Verbose: 0 : 1480, 5, 2023/10/22, 18:38:41.654, 242354979842, vstest.console.dll, DotnetTestHostmanager: Adding  --runtimeconfig "C:\Users\li4e9\source\repos\TestProject1\TestProject1\bin\Debug\net7.0-windows7.0\fine-code-coverage\build-output\TestProject1.runtimeconfig.json" in args
TpTrace Verbose: 0 : 1480, 5, 2023/10/22, 18:38:41.654, 242354980204, vstest.console.dll, DotnetTestHostmanager: Adding  --depsfile "C:\Users\li4e9\source\repos\TestProject1\TestProject1\bin\Debug\net7.0-windows7.0\fine-code-coverage\build-output\TestProject1.deps.json" in args
TpTrace Verbose: 0 : 1480, 5, 2023/10/22, 18:38:41.654, 242354981156, vstest.console.dll, DotnetTestHostmanager.IsWinOnArm: Current PROCESSOR_ARCHITECTURE from environment variable 'AMD64'
TpTrace Verbose: 0 : 1480, 5, 2023/10/22, 18:38:41.654, 242354981371, vstest.console.dll, DotnetTestHostmanager.IsWinOnArm: Is Windows on ARM 'False'
TpTrace Verbose: 0 : 1480, 5, 2023/10/22, 18:38:41.654, 242354981873, vstest.console.dll, DotnetTestHostManager: testhost.exe found at path: C:\Users\li4e9\source\repos\TestProject1\TestProject1\bin\Debug\net7.0-windows7.0\fine-code-coverage\build-output\testhost.exe
TpTrace Verbose: 0 : 1480, 5, 2023/10/22, 18:38:41.654, 242354982023, vstest.console.dll, DotnetTestHostmanager: Full path of host exe is C:\Users\li4e9\source\repos\TestProject1\TestProject1\bin\Debug\net7.0-windows7.0\fine-code-coverage\build-output\testhost.exe
TpTrace Verbose: 0 : 1480, 5, 2023/10/22, 18:38:41.654, 242354982651, vstest.console.dll, DotnetTestHostmanager.LaunchTestHostAsync: Found 'VSTEST_WINAPPHOST_DOTNET_ROOT' in env variables, value 'C:\Program Files\dotnet', forwarding to 'DOTNET_ROOT'
TpTrace Verbose: 0 : 1480, 5, 2023/10/22, 18:38:41.654, 242354983857, vstest.console.dll, DotnetTestHostManager: Starting process 'C:\Users\li4e9\source\repos\TestProject1\TestProject1\bin\Debug\net7.0-windows7.0\fine-code-coverage\build-output\testhost.exe' with command line ' --runtimeconfig "C:\Users\li4e9\source\repos\TestProject1\TestProject1\bin\Debug\net7.0-windows7.0\fine-code-coverage\build-output\TestProject1.runtimeconfig.json" --depsfile "C:\Users\li4e9\source\repos\TestProject1\TestProject1\bin\Debug\net7.0-windows7.0\fine-code-coverage\build-output\TestProject1.deps.json" --port 53595 --endpoint 127.0.0.1:053595 --role client --parentprocessid 1480 --diag "C:\Users\li4e9\source\repos\TestProject1\TestProject1\bin\Debug\net7.0-windows7.0\fine-code-coverage\coverage-tool-output\diagnostics.host.23-10-22_18-38-41_65421_5.log" --tracelevel 4 --datacollectionport 53594 --telemetryoptedin false'
TpTrace Verbose: 0 : 1480, 5, 2023/10/22, 18:38:41.658, 242355021807, vstest.console.dll, MulticastDelegateUtilities.SafeInvoke: HostProviderEvents.OnHostLaunched: Invoking callback 1/2 for Microsoft.VisualStudio.TestPlatform.CrossPlatEngine.Client.ProxyExecutionManagerWithDataCollection., took 0 ms.
TpTrace Verbose: 0 : 1480, 5, 2023/10/22, 18:38:41.658, 242355023413, vstest.console.dll, Test Runtime launched
TpTrace Verbose: 0 : 1480, 5, 2023/10/22, 18:38:41.658, 242355023754, vstest.console.dll, MulticastDelegateUtilities.SafeInvoke: HostProviderEvents.OnHostLaunched: Invoking callback 2/2 for Microsoft.VisualStudio.TestPlatform.CrossPlatEngine.Client.ProxyOperationManager., took 0 ms.
TpTrace Verbose: 0 : 1480, 5, 2023/10/22, 18:38:41.659, 242355024602, vstest.console.dll, TestRequestSender.WaitForRequestHandlerConnection: waiting for connection with timeout: 90000.
TpTrace Verbose: 0 : 1480, 5, 2023/10/22, 18:38:41.746, 242355898218, vstest.console.dll, TestRequestSender.WaitForRequestHandlerConnection: waiting took 87 ms, with timeout 90000 ms, and result 0, which is success.
TpTrace Verbose: 0 : 1480, 7, 2023/10/22, 18:38:41.746, 242355898217, vstest.console.dll, MulticastDelegateUtilities.SafeInvoke: SocketServer: ClientConnected: Invoking callback 1/1 for Microsoft.VisualStudio.TestPlatform.CommunicationUtilities.TestRequestSender., took 0 ms.
TpTrace Verbose: 0 : 1480, 7, 2023/10/22, 18:38:41.746, 242355899327, vstest.console.dll, SocketServer.OnClientConnected: Client connected for endPoint: 127.0.0.1:53595, starting MessageLoopAsync:
TpTrace Verbose: 0 : 1480, 13, 2023/10/22, 18:38:41.746, 242355901267, vstest.console.dll, TcpClientExtensions.MessageLoopAsync: Polling on remoteEndPoint: 127.0.0.1:53596 localEndPoint: 127.0.0.1:53595
TpTrace Verbose: 0 : 1480, 5, 2023/10/22, 18:38:41.747, 242355905352, vstest.console.dll, TestRequestSender.CheckVersionWithTestHost: Sending check version message: {"MessageType":"ProtocolVersion","Payload":7}
TpTrace Verbose: 0 : 1480, 13, 2023/10/22, 18:38:41.816, 242356595632, vstest.console.dll, TcpClientExtensions.MessageLoopAsync: NotifyDataAvailable remoteEndPoint: 127.0.0.1:53596 localEndPoint: 127.0.0.1:53595
TpTrace Verbose: 0 : 1480, 13, 2023/10/22, 18:38:41.816, 242356596993, vstest.console.dll, TestRequestSender.CheckVersionWithTestHost: onMessageReceived received message: (ProtocolVersion) -> {"MessageType":"ProtocolVersion","Payload":7}
TpTrace Verbose: 0 : 1480, 13, 2023/10/22, 18:38:41.816, 242356600936, vstest.console.dll, MulticastDelegateUtilities.SafeInvoke: LengthPrefixCommunicationChannel: MessageReceived: Invoking callback 1/1 for Microsoft.VisualStudio.TestPlatform.CommunicationUtilities.TestRequestSender+<>c__DisplayClass29_0., took 0 ms.
TpTrace Verbose: 0 : 1480, 13, 2023/10/22, 18:38:41.816, 242356601530, vstest.console.dll, TcpClientExtensions.MessageLoopAsync: Polling on remoteEndPoint: 127.0.0.1:53596 localEndPoint: 127.0.0.1:53595
TpTrace Verbose: 0 : 1480, 5, 2023/10/22, 18:38:41.816, 242356601487, vstest.console.dll, TestPluginCache.GetExtensionPaths: Filtered extension paths: 
TpTrace Verbose: 0 : 1480, 5, 2023/10/22, 18:38:41.816, 242356602067, vstest.console.dll, TestPluginCache.GetExtensionPaths: Added default extension paths: C:\Program Files\dotnet\sdk\7.0.401\Extensions\Microsoft.Diagnostics.NETCore.Client.dll
C:\Program Files\dotnet\sdk\7.0.401\Extensions\Microsoft.TestPlatform.Extensions.BlameDataCollector.dll
C:\Program Files\dotnet\sdk\7.0.401\Extensions\Microsoft.TestPlatform.Extensions.EventLogCollector.dll
C:\Program Files\dotnet\sdk\7.0.401\Extensions\Microsoft.TestPlatform.TestHostRuntimeProvider.dll
C:\Program Files\dotnet\sdk\7.0.401\Extensions\Microsoft.VisualStudio.TestPlatform.Extensions.Html.TestLogger.dll
C:\Program Files\dotnet\sdk\7.0.401\Extensions\Microsoft.VisualStudio.TestPlatform.Extensions.Trx.TestLogger.dll
TpTrace Verbose: 0 : 1480, 5, 2023/10/22, 18:38:41.816, 242356602502, vstest.console.dll, TestPluginCache.GetExtensionPaths: Added unfilterableExtensionPaths: 
TpTrace Verbose: 0 : 1480, 5, 2023/10/22, 18:38:41.818, 242356619321, vstest.console.dll, TestRequestSender.InitializeExecution: Sending initialize execution with message: {"Version":7,"MessageType":"TestExecution.Initialize","Payload":["C:\\Users\\li4e9\\source\\repos\\TestProject1\\TestProject1\\bin\\Debug\\net7.0-windows7.0\\fine-code-coverage\\build-output\\NUnit3.TestAdapter.dll"]}
TpTrace Verbose: 0 : 1480, 5, 2023/10/22, 18:38:41.818, 242356620412, vstest.console.dll, ParallelProxyExecutionManager.StartTestRunOnConcurrentManager: Execution starting. Started clients: 1
TpTrace Verbose: 0 : 1480, 5, 2023/10/22, 18:38:41.818, 242356622013, vstest.console.dll, TestRunRequest:SendTestRunMessage: Starting.
TpTrace Verbose: 0 : 1480, 5, 2023/10/22, 18:38:41.818, 242356622815, vstest.console.dll, MulticastDelegateUtilities.SafeInvoke: TestRun.LogMessages: Invoking callback 1/1 for Microsoft.VisualStudio.TestPlatform.CommandLine.TestRunResultAggregator., took 0 ms.
TpTrace Information: 0 : 1480, 5, 2023/10/22, 18:38:41.818, 242356622962, vstest.console.dll, TestRunRequest:SendTestRunMessage: Completed.
TpTrace Verbose: 0 : 1480, 4, 2023/10/22, 18:38:41.819, 242356624300, vstest.console.dll, MulticastDelegateUtilities.SafeInvoke: InternalTestLoggerEvents.SendTestRunMessage: Invoking callback 1/1 for Microsoft.VisualStudio.TestPlatform.CommandLine.Internal.ConsoleLogger., took 0 ms.
TpTrace Warning: 0 : 1480, 5, 2023/10/22, 18:38:41.819, 242356625474, vstest.console.dll, InferRunSettingsHelper.MakeRunsettingsCompatible: Removing the following settings: TargetPlatform from RunSettings file. To use those settings please move to latest version of Microsoft.NET.Test.Sdk
TpTrace Verbose: 0 : 1480, 13, 2023/10/22, 18:38:41.820, 242356638176, vstest.console.dll, TcpClientExtensions.MessageLoopAsync: NotifyDataAvailable remoteEndPoint: 127.0.0.1:53596 localEndPoint: 127.0.0.1:53595
TpTrace Verbose: 0 : 1480, 13, 2023/10/22, 18:38:41.820, 242356639987, vstest.console.dll, TestRequestSender.OnExecutionMessageReceived: Received message: {"Version":7,"MessageType":"TestSession.Message","Payload":{"MessageLevel":0,"Message":"Ведение журналов диагностики TestHost в файле: C:\\Users\\li4e9\\source\\repos\\TestProject1\\TestProject1\\bin\\Debug\\net7.0-windows7.0\\fine-code-coverage\\coverage-tool-output\\diagnostics.host.23-10-22_18-38-41_65421_5.log"}}
TpTrace Verbose: 0 : 1480, 13, 2023/10/22, 18:38:41.821, 242356652888, vstest.console.dll, TestRunRequest:SendTestRunMessage: Starting.
TpTrace Verbose: 0 : 1480, 13, 2023/10/22, 18:38:41.821, 242356653587, vstest.console.dll, MulticastDelegateUtilities.SafeInvoke: TestRun.LogMessages: Invoking callback 1/1 for Microsoft.VisualStudio.TestPlatform.CommandLine.TestRunResultAggregator., took 0 ms.
TpTrace Verbose: 0 : 1480, 4, 2023/10/22, 18:38:41.821, 242356653733, vstest.console.dll, MulticastDelegateUtilities.SafeInvoke: InternalTestLoggerEvents.SendTestRunMessage: Invoking callback 1/1 for Microsoft.VisualStudio.TestPlatform.CommandLine.Internal.ConsoleLogger., took 0 ms.
TpTrace Information: 0 : 1480, 13, 2023/10/22, 18:38:41.821, 242356653785, vstest.console.dll, TestRunRequest:SendTestRunMessage: Completed.
TpTrace Verbose: 0 : 1480, 13, 2023/10/22, 18:38:41.822, 242356654298, vstest.console.dll, MulticastDelegateUtilities.SafeInvoke: LengthPrefixCommunicationChannel: MessageReceived: Invoking callback 1/1 for Microsoft.VisualStudio.TestPlatform.CommunicationUtilities.TestRequestSender+<>c__DisplayClass34_0., took 1 ms.
TpTrace Verbose: 0 : 1480, 13, 2023/10/22, 18:38:41.822, 242356654428, vstest.console.dll, TcpClientExtensions.MessageLoopAsync: Polling on remoteEndPoint: 127.0.0.1:53596 localEndPoint: 127.0.0.1:53595
TpTrace Verbose: 0 : 1480, 5, 2023/10/22, 18:38:41.823, 242356665103, vstest.console.dll, TestRequestSender.StartTestRun: Sending test run with message: {"Version":7,"MessageType":"TestExecution.StartWithSources","Payload":{"AdapterSourceMap":{"_none_":["C:\\Users\\li4e9\\source\\repos\\TestProject1\\TestProject1\\bin\\Debug\\net7.0-windows7.0\\fine-code-coverage\\build-output\\TestProject1.dll"]},"RunSettings":"<RunSettings>\r\n  <RunConfiguration>\r\n    <ResultsDirectory>C:\\Users\\li4e9\\source\\repos\\TestProject1\\TestProject1\\bin\\Debug\\net7.0-windows7.0\\fine-code-coverage\\coverage-tool-output</ResultsDirectory>\r\n    <TargetFrameworkVersion>.NETCoreApp,Version=v7.0</TargetFrameworkVersion>\r\n    <DesignMode>False</DesignMode>\r\n    <CollectSourceInformation>False</CollectSourceInformation>\r\n  </RunConfiguration>\r\n  <LoggerRunSettings>\r\n    <Loggers>\r\n      <Logger friendlyName=\"blame\" enabled=\"True\" />\r\n      <Logger friendlyName=\"Console\" uri=\"logger://microsoft/TestPlatform/ConsoleLogger/v1\" assemblyQualifiedName=\"Microsoft.VisualStudio.TestPlatform.CommandLine.Internal.ConsoleLogger, vstest.console, Version=15.0.0.0, Culture=neutral, PublicKeyToken=b03f5f7f11d50a3a\" codeBase=\"C:\\Program Files\\dotnet\\sdk\\7.0.401\\vstest.console.dll\" enabled=\"True\" />\r\n    </Loggers>\r\n  </LoggerRunSettings>\r\n  <DataCollectionRunSettings>\r\n    <DataCollectors>\r\n      <DataCollector friendlyName=\"blame\" enabled=\"True\">\r\n        <Configuration>\r\n          <ResultsDirectory>C:\\Users\\li4e9\\source\\repos\\TestProject1\\TestProject1\\bin\\Debug\\net7.0-windows7.0\\fine-code-coverage\\coverage-tool-output</ResultsDirectory>\r\n        </Configuration>\r\n      </DataCollector>\r\n    </DataCollectors>\r\n  </DataCollectionRunSettings>\r\n</RunSettings>","TestExecutionContext":{"FrequencyOfRunStatsChangeEvent":10,"RunStatsChangeEventTimeout":"00:00:01.5000000","InIsolation":false,"KeepAlive":false,"AreTestCaseLevelEventsRequired":false,"IsDebug":false,"TestCaseFilter":null,"FilterOptions":null},"Package":null}}
TpTrace Verbose: 0 : 1480, 5, 2023/10/22, 18:38:41.823, 242356666168, vstest.console.dll, ParallelProxyExecutionManager.StartTestRunOnConcurrentManager: Execution started. Started clients: 1
TpTrace Verbose: 0 : 1480, 13, 2023/10/22, 18:38:41.905, 242357484087, vstest.console.dll, TcpClientExtensions.MessageLoopAsync: NotifyDataAvailable remoteEndPoint: 127.0.0.1:53596 localEndPoint: 127.0.0.1:53595
TpTrace Verbose: 0 : 1480, 13, 2023/10/22, 18:38:41.905, 242357485047, vstest.console.dll, TestRequestSender.OnExecutionMessageReceived: Received message: {"Version":7,"MessageType":"TestSession.Message","Payload":{"MessageLevel":0,"Message":"NUnit Adapter 4.4.0.0: Test execution started"}}
TpTrace Verbose: 0 : 1480, 13, 2023/10/22, 18:38:41.905, 242357486387, vstest.console.dll, TestRunRequest:SendTestRunMessage: Starting.
TpTrace Verbose: 0 : 1480, 13, 2023/10/22, 18:38:41.905, 242357486672, vstest.console.dll, MulticastDelegateUtilities.SafeInvoke: TestRun.LogMessages: Invoking callback 1/1 for Microsoft.VisualStudio.TestPlatform.CommandLine.TestRunResultAggregator., took 0 ms.
TpTrace Information: 0 : 1480, 13, 2023/10/22, 18:38:41.905, 242357486818, vstest.console.dll, TestRunRequest:SendTestRunMessage: Completed.
TpTrace Verbose: 0 : 1480, 13, 2023/10/22, 18:38:41.905, 242357486968, vstest.console.dll, MulticastDelegateUtilities.SafeInvoke: LengthPrefixCommunicationChannel: MessageReceived: Invoking callback 1/1 for Microsoft.VisualStudio.TestPlatform.CommunicationUtilities.TestRequestSender+<>c__DisplayClass34_0., took 0 ms.
TpTrace Verbose: 0 : 1480, 4, 2023/10/22, 18:38:41.905, 242357486939, vstest.console.dll, MulticastDelegateUtilities.SafeInvoke: InternalTestLoggerEvents.SendTestRunMessage: Invoking callback 1/1 for Microsoft.VisualStudio.TestPlatform.CommandLine.Internal.ConsoleLogger., took 0 ms.
TpTrace Verbose: 0 : 1480, 13, 2023/10/22, 18:38:41.905, 242357487139, vstest.console.dll, TcpClientExtensions.MessageLoopAsync: Polling on remoteEndPoint: 127.0.0.1:53596 localEndPoint: 127.0.0.1:53595
TpTrace Verbose: 0 : 1480, 13, 2023/10/22, 18:38:41.919, 242357626884, vstest.console.dll, TcpClientExtensions.MessageLoopAsync: NotifyDataAvailable remoteEndPoint: 127.0.0.1:53596 localEndPoint: 127.0.0.1:53595
TpTrace Verbose: 0 : 1480, 13, 2023/10/22, 18:38:41.919, 242357628376, vstest.console.dll, TestRequestSender.OnExecutionMessageReceived: Received message: {"Version":7,"MessageType":"TestSession.Message","Payload":{"MessageLevel":0,"Message":"Running all tests in C:\\Users\\li4e9\\source\\repos\\TestProject1\\TestProject1\\bin\\Debug\\net7.0-windows7.0\\fine-code-coverage\\build-output\\TestProject1.dll"}}
TpTrace Verbose: 0 : 1480, 13, 2023/10/22, 18:38:41.919, 242357629107, vstest.console.dll, TestRunRequest:SendTestRunMessage: Starting.
TpTrace Verbose: 0 : 1480, 13, 2023/10/22, 18:38:41.919, 242357629326, vstest.console.dll, MulticastDelegateUtilities.SafeInvoke: TestRun.LogMessages: Invoking callback 1/1 for Microsoft.VisualStudio.TestPlatform.CommandLine.TestRunResultAggregator., took 0 ms.
TpTrace Information: 0 : 1480, 13, 2023/10/22, 18:38:41.919, 242357629437, vstest.console.dll, TestRunRequest:SendTestRunMessage: Completed.
TpTrace Verbose: 0 : 1480, 13, 2023/10/22, 18:38:41.919, 242357629552, vstest.console.dll, MulticastDelegateUtilities.SafeInvoke: LengthPrefixCommunicationChannel: MessageReceived: Invoking callback 1/1 for Microsoft.VisualStudio.TestPlatform.CommunicationUtilities.TestRequestSender+<>c__DisplayClass34_0., took 0 ms.
TpTrace Verbose: 0 : 1480, 4, 2023/10/22, 18:38:41.919, 242357629568, vstest.console.dll, MulticastDelegateUtilities.SafeInvoke: InternalTestLoggerEvents.SendTestRunMessage: Invoking callback 1/1 for Microsoft.VisualStudio.TestPlatform.CommandLine.Internal.ConsoleLogger., took 0 ms.
TpTrace Verbose: 0 : 1480, 13, 2023/10/22, 18:38:41.919, 242357629671, vstest.console.dll, TcpClientExtensions.MessageLoopAsync: Polling on remoteEndPoint: 127.0.0.1:53596 localEndPoint: 127.0.0.1:53595
TpTrace Verbose: 0 : 1480, 13, 2023/10/22, 18:38:41.992, 242358354340, vstest.console.dll, TcpClientExtensions.MessageLoopAsync: NotifyDataAvailable remoteEndPoint: 127.0.0.1:53596 localEndPoint: 127.0.0.1:53595
TpTrace Verbose: 0 : 1480, 13, 2023/10/22, 18:38:41.992, 242358355456, vstest.console.dll, TestRequestSender.OnExecutionMessageReceived: Received message: {"Version":7,"MessageType":"TestSession.Message","Payload":{"MessageLevel":0,"Message":"   NUnit3TestExecutor discovered 7 of 7 NUnit test cases using Current Discovery mode, Non-Explicit run"}}
TpTrace Verbose: 0 : 1480, 13, 2023/10/22, 18:38:41.992, 242358356224, vstest.console.dll, TestRunRequest:SendTestRunMessage: Starting.
TpTrace Verbose: 0 : 1480, 13, 2023/10/22, 18:38:41.992, 242358356568, vstest.console.dll, MulticastDelegateUtilities.SafeInvoke: TestRun.LogMessages: Invoking callback 1/1 for Microsoft.VisualStudio.TestPlatform.CommandLine.TestRunResultAggregator., took 0 ms.
TpTrace Information: 0 : 1480, 13, 2023/10/22, 18:38:41.992, 242358356741, vstest.console.dll, TestRunRequest:SendTestRunMessage: Completed.
TpTrace Verbose: 0 : 1480, 4, 2023/10/22, 18:38:41.992, 242358356818, vstest.console.dll, MulticastDelegateUtilities.SafeInvoke: InternalTestLoggerEvents.SendTestRunMessage: Invoking callback 1/1 for Microsoft.VisualStudio.TestPlatform.CommandLine.Internal.ConsoleLogger., took 0 ms.
TpTrace Verbose: 0 : 1480, 13, 2023/10/22, 18:38:41.992, 242358356906, vstest.console.dll, MulticastDelegateUtilities.SafeInvoke: LengthPrefixCommunicationChannel: MessageReceived: Invoking callback 1/1 for Microsoft.VisualStudio.TestPlatform.CommunicationUtilities.TestRequestSender+<>c__DisplayClass34_0., took 0 ms.
TpTrace Verbose: 0 : 1480, 13, 2023/10/22, 18:38:41.992, 242358357585, vstest.console.dll, TcpClientExtensions.MessageLoopAsync: Polling on remoteEndPoint: 127.0.0.1:53596 localEndPoint: 127.0.0.1:53595
TpTrace Verbose: 0 : 1480, 13, 2023/10/22, 18:38:42.064, 242359082632, vstest.console.dll, TcpClientExtensions.MessageLoopAsync: NotifyDataAvailable remoteEndPoint: 127.0.0.1:53596 localEndPoint: 127.0.0.1:53595
TpTrace Verbose: 0 : 1480, 13, 2023/10/22, 18:38:42.064, 242359083799, vstest.console.dll, TestRequestSender.OnExecutionMessageReceived: Received message: {"Version":7,"MessageType":"TestSession.Message","Payload":{"MessageLevel":0,"Message":"NUnit Adapter 4.4.0.0: Test execution complete"}}
TpTrace Verbose: 0 : 1480, 13, 2023/10/22, 18:38:42.065, 242359084435, vstest.console.dll, TestRunRequest:SendTestRunMessage: Starting.
TpTrace Verbose: 0 : 1480, 13, 2023/10/22, 18:38:42.065, 242359084677, vstest.console.dll, MulticastDelegateUtilities.SafeInvoke: TestRun.LogMessages: Invoking callback 1/1 for Microsoft.VisualStudio.TestPlatform.CommandLine.TestRunResultAggregator., took 0 ms.
TpTrace Information: 0 : 1480, 13, 2023/10/22, 18:38:42.065, 242359084818, vstest.console.dll, TestRunRequest:SendTestRunMessage: Completed.
TpTrace Verbose: 0 : 1480, 4, 2023/10/22, 18:38:42.065, 242359084800, vstest.console.dll, MulticastDelegateUtilities.SafeInvoke: InternalTestLoggerEvents.SendTestRunMessage: Invoking callback 1/1 for Microsoft.VisualStudio.TestPlatform.CommandLine.Internal.ConsoleLogger., took 0 ms.
TpTrace Verbose: 0 : 1480, 13, 2023/10/22, 18:38:42.065, 242359084960, vstest.console.dll, MulticastDelegateUtilities.SafeInvoke: LengthPrefixCommunicationChannel: MessageReceived: Invoking callback 1/1 for Microsoft.VisualStudio.TestPlatform.CommunicationUtilities.TestRequestSender+<>c__DisplayClass34_0., took 0 ms.
TpTrace Verbose: 0 : 1480, 13, 2023/10/22, 18:38:42.065, 242359085341, vstest.console.dll, TcpClientExtensions.MessageLoopAsync: Polling on remoteEndPoint: 127.0.0.1:53596 localEndPoint: 127.0.0.1:53595
TpTrace Verbose: 0 : 1480, 13, 2023/10/22, 18:38:42.088, 242359314147, vstest.console.dll, TcpClientExtensions.MessageLoopAsync: NotifyDataAvailable remoteEndPoint: 127.0.0.1:53596 localEndPoint: 127.0.0.1:53595
TpTrace Verbose: 0 : 1480, 13, 2023/10/22, 18:38:42.088, 242359315531, vstest.console.dll, TestRequestSender.OnExecutionMessageReceived: Received message: {"Version":7,"MessageType":"TestExecution.Completed","Payload":{"TestRunCompleteArgs":{"TestRunStatistics":{"ExecutedTests":7,"Stats":{"Passed":7}},"IsCanceled":false,"IsAborted":false,"Error":null,"AttachmentSets":[],"InvokedDataCollectors":[],"ElapsedTimeInRunningTests":"00:00:00.1735360","Metrics":{},"DiscoveredExtensions":{"TestDiscoverers":["NUnit.VisualStudio.TestAdapter.NUnit3TestDiscoverer, NUnit3.TestAdapter, Version=4.4.0.0, Culture=neutral, PublicKeyToken=4cb40d35494691ac"],"TestExecutors":["executor://NUnit3TestExecutor"],"TestExecutors2":[],"TestSettingsProviders":[]}},"LastRunTests":{"NewTestResults":[{"TestCase":{"Id":"c7fc4c90-0fe5-145b-988e-beb6b3defcbf","FullyQualifiedName":"TestProject1.AverageTest.CorrectCompareLists","DisplayName":"CorrectCompareLists","ExecutorUri":"executor://NUnit3TestExecutor","Source":"C:\\Users\\li4e9\\source\\repos\\TestProject1\\TestProject1\\bin\\Debug\\net7.0-windows7.0\\fine-code-coverage\\build-output\\TestProject1.dll","CodeFilePath":null,"LineNumber":0,"Properties":[{"Key":{"Id":"NUnit.Seed","Label":"Seed","Category":"","Description":"","Attributes":0,"ValueType":"System.String"},"Value":"491635619"}]},"Attachments":[],"Outcome":1,"ErrorMessage":null,"ErrorStackTrace":null,"DisplayName":"CorrectCompareLists","Messages":[],"ComputerName":"LI4E","Duration":"00:00:00.0066780","StartTime":"2023-10-22T16:38:42.0093647+00:00","EndTime":"2023-10-22T16:38:42.0159924+00:00","Properties":[{"Key":{"Id":"NUnit.Seed","Label":"Seed","Category":"","Description":"","Attributes":0,"ValueType":"System.String"},"Value":"491635619"}]},{"TestCase":{"Id":"9421dd69-55b1-3e20-0c6e-f958d90505b1","FullyQualifiedName":"TestProject1.AverageTest.CorrectGetFirstList","DisplayName":"CorrectGetFirstList","ExecutorUri":"executor://NUnit3TestExecutor","Source":"C:\\Users\\li4e9\\source\\repos\\TestProject1\\TestProject1\\bin\\Debug\\net7.0-windows7.0\\fine-code-coverage\\build-output\\TestProject1.dll","CodeFilePath":null,"LineNumber":0,"Properties":[{"Key":{"Id":"NUnit.Seed","Label":"Seed","Category":"","Description":"","Attributes":0,"ValueType":"System.String"},"Value":"1056376360"}]},"Attachments":[],"Outcome":1,"ErrorMessage":null,"ErrorStackTrace":null,"DisplayName":"CorrectGetFirstList","Messages":[],"ComputerName":"LI4E","Duration":"00:00:00.0066770","StartTime":"2023-10-22T16:38:42.0174149+00:00","EndTime":"2023-10-22T16:38:42.0240916+00:00","Properties":[{"Key":{"Id":"NUnit.Seed","Label":"Seed","Category":"","Description":"","Attributes":0,"ValueType":"System.String"},"Value":"1056376360"}]},{"TestCase":{"Id":"b8f6c22b-085b-465d-e940-d5e5379ee92a","FullyQualifiedName":"TestProject1.AverageTest.CorrectGetSecondList","DisplayName":"CorrectGetSecondList","ExecutorUri":"executor://NUnit3TestExecutor","Source":"C:\\Users\\li4e9\\source\\repos\\TestProject1\\TestProject1\\bin\\Debug\\net7.0-windows7.0\\fine-code-coverage\\build-output\\TestProject1.dll","CodeFilePath":null,"LineNumber":0,"Properties":[{"Key":{"Id":"NUnit.Seed","Label":"Seed","Category":"","Description":"","Attributes":0,"ValueType":"System.String"},"Value":"928603427"}]},"Attachments":[],"Outcome":1,"ErrorMessage":null,"ErrorStackTrace":null,"DisplayName":"CorrectGetSecondList","Messages":[],"ComputerName":"LI4E","Duration":"00:00:00.0002190","StartTime":"2023-10-22T16:38:42.0241216+00:00","EndTime":"2023-10-22T16:38:42.0243408+00:00","Properties":[{"Key":{"Id":"NUnit.Seed","Label":"Seed","Category":"","Description":"","Attributes":0,"ValueType":"System.String"},"Value":"928603427"}]},{"TestCase":{"Id":"3fc7343a-3f3f-8ddb-388b-7bad6a0ee764","FullyQualifiedName":"TestProject1.AverageTest.CorrectListAverage","DisplayName":"CorrectListAverage","ExecutorUri":"executor://NUnit3TestExecutor","Source":"C:\\Users\\li4e9\\source\\repos\\TestProject1\\TestProject1\\bin\\Debug\\net7.0-windows7.0\\fine-code-coverage\\build-output\\TestProject1.dll","CodeFilePath":null,"LineNumber":0,"Properties":[{"Key":{"Id":"NUnit.Seed","Label":"Seed","Category":"","Description":"","Attributes":0,"ValueType":"System.String"},"Value":"1328274778"}]},"Attachments":[],"Outcome":1,"ErrorMessage":null,"ErrorStackTrace":null,"DisplayName":"CorrectListAverage","Messages":[],"ComputerName":"LI4E","Duration":"00:00:00.0003920","StartTime":"2023-10-22T16:38:42.024351+00:00","EndTime":"2023-10-22T16:38:42.0247427+00:00","Properties":[{"Key":{"Id":"NUnit.Seed","Label":"Seed","Category":"","Description":"","Attributes":0,"ValueType":"System.String"},"Value":"1328274778"}]},{"TestCase":{"Id":"4d9162da-632e-c9e8-a320-82293c6ab02b","FullyQualifiedName":"TestProject1.AverageTest.CorrectSetFirstList","DisplayName":"CorrectSetFirstList","ExecutorUri":"executor://NUnit3TestExecutor","Source":"C:\\Users\\li4e9\\source\\repos\\TestProject1\\TestProject1\\bin\\Debug\\net7.0-windows7.0\\fine-code-coverage\\build-output\\TestProject1.dll","CodeFilePath":null,"LineNumber":0,"Properties":[{"Key":{"Id":"NUnit.Seed","Label":"Seed","Category":"","Description":"","Attributes":0,"ValueType":"System.String"},"Value":"1074015916"}]},"Attachments":[],"Outcome":1,"ErrorMessage":null,"ErrorStackTrace":null,"DisplayName":"CorrectSetFirstList","Messages":[],"ComputerName":"LI4E","Duration":"00:00:00.0001000","StartTime":"2023-10-22T16:38:42.0247514+00:00","EndTime":"2023-10-22T16:38:42.0248512+00:00","Properties":[{"Key":{"Id":"NUnit.Seed","Label":"Seed","Category":"","Description":"","Attributes":0,"ValueType":"System.String"},"Value":"1074015916"}]},{"TestCase":{"Id":"58e3362a-e94c-74f9-6273-5ed804c7e11d","FullyQualifiedName":"TestProject1.AverageTest.CorrectSetSecondList","DisplayName":"CorrectSetSecondList","ExecutorUri":"executor://NUnit3TestExecutor","Source":"C:\\Users\\li4e9\\source\\repos\\TestProject1\\TestProject1\\bin\\Debug\\net7.0-windows7.0\\fine-code-coverage\\build-output\\TestProject1.dll","CodeFilePath":null,"LineNumber":0,"Properties":[{"Key":{"Id":"NUnit.Seed","Label":"Seed","Category":"","Description":"","Attributes":0,"ValueType":"System.String"},"Value":"1713142549"}]},"Attachments":[],"Outcome":1,"ErrorMessage":null,"ErrorStackTrace":null,"DisplayName":"CorrectSetSecondList","Messages":[],"ComputerName":"LI4E","Duration":"00:00:00.0001280","StartTime":"2023-10-22T16:38:42.0248566+00:00","EndTime":"2023-10-22T16:38:42.0249847+00:00","Properties":[{"Key":{"Id":"NUnit.Seed","Label":"Seed","Category":"","Description":"","Attributes":0,"ValueType":"System.String"},"Value":"1713142549"}]},{"TestCase":{"Id":"7155f5bb-eb29-840e-99be-0d04762166cf","FullyQualifiedName":"TestProject1.U1ITest.CreateList_InputValidNumbers_ReturnsList","DisplayName":"CreateList_InputValidNumbers_ReturnsList","ExecutorUri":"executor://NUnit3TestExecutor","Source":"C:\\Users\\li4e9\\source\\repos\\TestProject1\\TestProject1\\bin\\Debug\\net7.0-windows7.0\\fine-code-coverage\\build-output\\TestProject1.dll","CodeFilePath":null,"LineNumber":0,"Properties":[{"Key":{"Id":"NUnit.Seed","Label":"Seed","Category":"","Description":"","Attributes":0,"ValueType":"System.String"},"Value":"1384934268"}]},"Attachments":[],"Outcome":1,"ErrorMessage":null,"ErrorStackTrace":null,"DisplayName":"CreateList_InputValidNumbers_ReturnsList","Messages":[],"ComputerName":"LI4E","Duration":"00:00:00.0020280","StartTime":"2023-10-22T16:38:42.0269154+00:00","EndTime":"2023-10-22T16:38:42.0289436+00:00","Properties":[{"Key":{"Id":"NUnit.Seed","Label":"Seed","Category":"","Description":"","Attributes":0,"ValueType":"System.String"},"Value":"1384934268"}]}],"TestRunStatistics":{"ExecutedTests":7,"Stats":{"Passed":7}},"ActiveTests":[]},"RunAttachments":[],"ExecutorUris":["executor://nunit3testexecutor/"]}}
TpTrace Verbose: 0 : 1480, 13, 2023/10/22, 18:38:42.088, 242359316725, vstest.console.dll, TestRequestSender.EndSession: Sending end session.
TpTrace Verbose: 0 : 1480, 13, 2023/10/22, 18:38:42.088, 242359317398, vstest.console.dll, ProxyOperationManager.Close: waiting for test host to exit for 100 ms
TpTrace Verbose: 0 : 1480, 11, 2023/10/22, 18:38:42.112, 242359557116, vstest.console.dll, TestHostManagerCallbacks.ctor: Experimental forwarding output is disabled.
TpTrace Warning: 0 : 1480, 11, 2023/10/22, 18:38:42.112, 242359557905, vstest.console.dll, TestHostManagerCallbacks.ErrorReceivedCallback Test host standard error line: 
TpTrace Verbose: 0 : 1480, 11, 2023/10/22, 18:38:42.117, 242359606457, vstest.console.dll, TestHostProvider.ExitCallBack: Host exited starting callback.
TpTrace Information: 0 : 1480, 11, 2023/10/22, 18:38:42.117, 242359607522, vstest.console.dll, TestHostManagerCallbacks.ExitCallBack: Testhost processId: 14376 exited with exitcode: 0 error: ''
TpTrace Verbose: 0 : 1480, 11, 2023/10/22, 18:38:42.117, 242359607703, vstest.console.dll, DotnetTestHostManager.OnHostExited: invoking OnHostExited callback
TpTrace Verbose: 0 : 1480, 11, 2023/10/22, 18:38:42.117, 242359607930, vstest.console.dll, CrossPlatEngine.TestHostManagerHostExited: calling on client process exit callback.
TpTrace Information: 0 : 1480, 11, 2023/10/22, 18:38:42.117, 242359608144, vstest.console.dll, TestRequestSender.OnClientProcessExit: Test host process exited. Standard error: 
TpTrace Information: 0 : 1480, 11, 2023/10/22, 18:38:42.117, 242359608286, vstest.console.dll, SocketServer.Stop: Stop server endPoint: 127.0.0.1:53595
TpTrace Information: 0 : 1480, 11, 2023/10/22, 18:38:42.117, 242359608384, vstest.console.dll, SocketServer.Stop: Cancellation requested. Stopping message loop.
TpTrace Information: 0 : 1480, 13, 2023/10/22, 18:38:42.117, 242359608698, vstest.console.dll, SocketServer.Stop: Stop server endPoint: 127.0.0.1:53595
TpTrace Verbose: 0 : 1480, 11, 2023/10/22, 18:38:42.117, 242359608985, vstest.console.dll, MulticastDelegateUtilities.SafeInvoke: HostProviderEvents.OnHostExited: Invoking callback 1/1 for Microsoft.VisualStudio.TestPlatform.CrossPlatEngine.Client.ProxyOperationManager., took 0 ms.
TpTrace Information: 0 : 1480, 13, 2023/10/22, 18:38:42.117, 242359609136, vstest.console.dll, SocketServer.Stop: Cancellation requested. Stopping message loop.
TpTrace Information: 0 : 1480, 13, 2023/10/22, 18:38:42.117, 242359609420, vstest.console.dll, Closing the connection
TpTrace Verbose: 0 : 1480, 13, 2023/10/22, 18:38:42.117, 242359610593, vstest.console.dll, ProxyDataCollectionManager.InvokeDataCollectionServiceAction: Starting.
TpTrace Information: 0 : 1480, 13, 2023/10/22, 18:38:42.117, 242359611050, vstest.console.dll, ProxyDataCollectionManager.AfterTestRunEnd: Get attachment set and invoked data collectors processId: 7440 port: 53592
TpTrace Verbose: 0 : 1480, 13, 2023/10/22, 18:38:42.117, 242359611271, vstest.console.dll, DataCollectionRequestSender.SendAfterTestRunStartAndGetResult: Send AfterTestRunEnd message with isCancelled: False
TpTrace Verbose: 0 : 1480, 13, 2023/10/22, 18:38:42.122, 242359658375, vstest.console.dll, DataCollectionRequestSender.SendAfterTestRunStartAndGetResult: Received message: (DataCollection.AfterTestRunEndResult) -> {"MessageType":"DataCollection.AfterTestRunEndResult","Payload":{"AttachmentSets":[],"InvokedDataCollectors":[{"Uri":"datacollector://Microsoft/TestPlatform/Extensions/Blame/v1","FriendlyName":"Blame","AssemblyQualifiedName":"Microsoft.TestPlatform.Extensions.BlameDataCollector.BlameCollector, Microsoft.TestPlatform.Extensions.BlameDataCollector, Version=15.0.0.0, Culture=neutral, PublicKeyToken=b03f5f7f11d50a3a","FilePath":"C:\\Program Files\\dotnet\\sdk\\7.0.401\\Extensions\\Microsoft.TestPlatform.Extensions.BlameDataCollector.dll","HasAttachmentProcessor":false}],"Metrics":{}}}
TpTrace Information: 0 : 1480, 13, 2023/10/22, 18:38:42.125, 242359693396, vstest.console.dll, ProxyDataCollectionManager.InvokeDataCollectionServiceAction: Completed.
TpTrace Warning: 0 : 1480, 10, 2023/10/22, 18:38:42.138, 242359823913, vstest.console.dll, DataCollectionLauncher.ErrorReceivedCallback datacollector standard error line: 
TpTrace Information: 0 : 1480, 10, 2023/10/22, 18:38:42.142, 242359860743, vstest.console.dll, DataCollectionLauncher.ExitCallBack: Data collector exited with exitcode: 0 error: ''
TpTrace Verbose: 0 : 1480, 13, 2023/10/22, 18:38:42.162, 242360060945, vstest.console.dll, TestRunRequest:SendTestRunStatsChange: Starting.
TpTrace Verbose: 0 : 1480, 13, 2023/10/22, 18:38:42.162, 242360062846, vstest.console.dll, MulticastDelegateUtilities.SafeInvoke: TestRun.RunStatsChanged: Invoking callbacks was skipped because there are no subscribers.
TpTrace Information: 0 : 1480, 13, 2023/10/22, 18:38:42.162, 242360063099, vstest.console.dll, TestRunRequest:SendTestRunStatsChange: Completed.
TpTrace Verbose: 0 : 1480, 13, 2023/10/22, 18:38:42.163, 242360065101, vstest.console.dll, ParallelProxyExecutionManager: HandlePartialRunComplete: Total workloads = 1, Total started clients = 1 Total completed clients = 1, Run complete = True, Run canceled: False.
TpTrace Verbose: 0 : 1480, 13, 2023/10/22, 18:38:42.163, 242360065299, vstest.console.dll, ParallelProxyExecutionManager: HandlePartialRunComplete: All runs completed stopping all managers.
TpTrace Verbose: 0 : 1480, 13, 2023/10/22, 18:38:42.163, 242360065447, vstest.console.dll, ParallelOperationManager.StopAllManagers: Stopping all managers.
TpTrace Verbose: 0 : 1480, 13, 2023/10/22, 18:38:42.163, 242360065605, vstest.console.dll, ParallelOperationManager.ClearSlots: Clearing all slots. Slots should accept more work: False
TpTrace Verbose: 0 : 1480, 13, 2023/10/22, 18:38:42.163, 242360065776, vstest.console.dll, ParallelOperationManager.SetOccupiedSlotCount: Setting slot counts AvailableSlotCount = 1, OccupiedSlotCount = 0.
TpTrace Verbose: 0 : 1480, 13, 2023/10/22, 18:38:42.163, 242360065914, vstest.console.dll, Occupied slots:

TpTrace Verbose: 0 : 1480, 4, 2023/10/22, 18:38:42.163, 242360072681, vstest.console.dll, MulticastDelegateUtilities.SafeInvoke: InternalTestLoggerEvents.SendTestResult: Invoking callback 1/1 for Microsoft.VisualStudio.TestPlatform.CommandLine.Internal.ConsoleLogger., took 0 ms.
TpTrace Verbose: 0 : 1480, 4, 2023/10/22, 18:38:42.164, 242360074205, vstest.console.dll, MulticastDelegateUtilities.SafeInvoke: InternalTestLoggerEvents.SendTestResult: Invoking callback 1/1 for Microsoft.VisualStudio.TestPlatform.CommandLine.Internal.ConsoleLogger., took 0 ms.
TpTrace Verbose: 0 : 1480, 4, 2023/10/22, 18:38:42.164, 242360074553, vstest.console.dll, MulticastDelegateUtilities.SafeInvoke: InternalTestLoggerEvents.SendTestResult: Invoking callback 1/1 for Microsoft.VisualStudio.TestPlatform.CommandLine.Internal.ConsoleLogger., took 0 ms.
TpTrace Verbose: 0 : 1480, 4, 2023/10/22, 18:38:42.164, 242360075064, vstest.console.dll, MulticastDelegateUtilities.SafeInvoke: InternalTestLoggerEvents.SendTestResult: Invoking callback 1/1 for Microsoft.VisualStudio.TestPlatform.CommandLine.Internal.ConsoleLogger., took 0 ms.
TpTrace Verbose: 0 : 1480, 4, 2023/10/22, 18:38:42.164, 242360075214, vstest.console.dll, MulticastDelegateUtilities.SafeInvoke: InternalTestLoggerEvents.SendTestResult: Invoking callback 1/1 for Microsoft.VisualStudio.TestPlatform.CommandLine.Internal.ConsoleLogger., took 0 ms.
TpTrace Verbose: 0 : 1480, 4, 2023/10/22, 18:38:42.164, 242360075338, vstest.console.dll, MulticastDelegateUtilities.SafeInvoke: InternalTestLoggerEvents.SendTestResult: Invoking callback 1/1 for Microsoft.VisualStudio.TestPlatform.CommandLine.Internal.ConsoleLogger., took 0 ms.
TpTrace Verbose: 0 : 1480, 4, 2023/10/22, 18:38:42.164, 242360075494, vstest.console.dll, MulticastDelegateUtilities.SafeInvoke: InternalTestLoggerEvents.SendTestResult: Invoking callback 1/1 for Microsoft.VisualStudio.TestPlatform.CommandLine.Internal.ConsoleLogger., took 0 ms.
TpTrace Verbose: 0 : 1480, 4, 2023/10/22, 18:38:42.168, 242360114125, vstest.console.dll, MulticastDelegateUtilities.SafeInvoke: InternalTestLoggerEvents.SendTestRunComplete: Invoking callback 1/2 for Microsoft.TestPlatform.Extensions.BlameDataCollector.BlameLogger., took 0 ms.
TpTrace Verbose: 0 : 1480, 4, 2023/10/22, 18:38:42.171, 242360146980, vstest.console.dll, MulticastDelegateUtilities.SafeInvoke: InternalTestLoggerEvents.SendTestRunComplete: Invoking callback 2/2 for Microsoft.VisualStudio.TestPlatform.CommandLine.Internal.ConsoleLogger., took 3 ms.
TpTrace Verbose: 0 : 1480, 13, 2023/10/22, 18:38:42.171, 242360148573, vstest.console.dll, TestRunRequest:TestRunComplete: Starting. IsAborted:False IsCanceled:False.
TpTrace Verbose: 0 : 1480, 13, 2023/10/22, 18:38:42.171, 242360149434, vstest.console.dll, ParallelOperationManager.DoActionOnAllManagers: Calling an action on all managers.
TpTrace Verbose: 0 : 1480, 13, 2023/10/22, 18:38:42.172, 242360155616, vstest.console.dll, TestLoggerManager.HandleTestRunComplete: Ignoring as the object is disposed.
TpTrace Verbose: 0 : 1480, 13, 2023/10/22, 18:38:42.172, 242360156803, vstest.console.dll, MulticastDelegateUtilities.SafeInvoke: TestRun.TestRunComplete: Invoking callback 1/2 for Microsoft.VisualStudio.TestPlatform.CommandLine.TestRunResultAggregator., took 0 ms.
TpTrace Verbose: 0 : 1480, 13, 2023/10/22, 18:38:42.172, 242360157484, vstest.console.dll, MulticastDelegateUtilities.SafeInvoke: TestRun.TestRunComplete: Invoking callback 2/2 for Microsoft.VisualStudio.TestPlatform.CommandLine.Processors.RunTestsArgumentExecutor+TestRunRequestEventsRegistrar., took 0 ms.
TpTrace Information: 0 : 1480, 13, 2023/10/22, 18:38:42.172, 242360157955, vstest.console.dll, TestRunRequest:TestRunComplete: Completed.
TpTrace Verbose: 0 : 1480, 13, 2023/10/22, 18:38:42.172, 242360158117, vstest.console.dll, TestRequestSender.SetOperationComplete: Setting operation complete.
TpTrace Information: 0 : 1480, 13, 2023/10/22, 18:38:42.172, 242360158220, vstest.console.dll, SocketServer.Stop: Stop server endPoint: 127.0.0.1:53595
TpTrace Information: 0 : 1480, 13, 2023/10/22, 18:38:42.172, 242360158315, vstest.console.dll, SocketServer.Stop: Cancellation requested. Stopping message loop.
TpTrace Verbose: 0 : 1480, 13, 2023/10/22, 18:38:42.172, 242360158431, vstest.console.dll, MulticastDelegateUtilities.SafeInvoke: LengthPrefixCommunicationChannel: MessageReceived: Invoking callback 1/1 for Microsoft.VisualStudio.TestPlatform.CommunicationUtilities.TestRequestSender+<>c__DisplayClass34_0., took 84 ms.
TpTrace Information: 0 : 1480, 13, 2023/10/22, 18:38:42.172, 242360158622, vstest.console.dll, SocketServer.PrivateStop: Stopping server endPoint: 127.0.0.1:53595 error: 
TpTrace Verbose: 0 : 1480, 1, 2023/10/22, 18:38:42.172, 242360158658, vstest.console.dll, TestRunRequest.Dispose: Starting.
TpTrace Information: 0 : 1480, 1, 2023/10/22, 18:38:42.172, 242360159359, vstest.console.dll, TestRunRequest.Dispose: Completed.
TpTrace Information: 0 : 1480, 1, 2023/10/22, 18:38:42.172, 242360159564, vstest.console.dll, TestRequestManager.RunTests: run tests completed.
TpTrace Information: 0 : 1480, 1, 2023/10/22, 18:38:42.172, 242360160110, vstest.console.dll, RunTestsArgumentProcessor:Execute: Test run is completed.
TpTrace Verbose: 0 : 1480, 1, 2023/10/22, 18:38:42.172, 242360160879, vstest.console.dll, Executor.Execute: Exiting with exit code of 0
TpTrace Verbose: 0 : 1480, 13, 2023/10/22, 18:38:42.172, 242360161260, vstest.console.dll, LengthPrefixCommunicationChannel.Dispose: Dispose reader and writer.
TpTrace Information: 0 : 1480, 13, 2023/10/22, 18:38:42.172, 242360161641, vstest.console.dll, SocketServer.Stop: Raise disconnected event endPoint: 127.0.0.1:53595 error: 
TpTrace Verbose: 0 : 1480, 13, 2023/10/22, 18:38:42.172, 242360162222, vstest.console.dll, TestRequestSender: OnTestRunAbort: Operation is already complete. Skip error message.
TpTrace Verbose: 0 : 1480, 13, 2023/10/22, 18:38:42.172, 242360162482, vstest.console.dll, MulticastDelegateUtilities.SafeInvoke: SocketServer: ClientDisconnected: Invoking callback 1/1 for Microsoft.VisualStudio.TestPlatform.CommunicationUtilities.TestRequestSender., took 0 ms.
TpTrace Verbose: 0 : 1480, 13, 2023/10/22, 18:38:42.172, 242360162593, vstest.console.dll, TcpClientExtensions.MessageLoopAsync: exiting MessageLoopAsync remoteEndPoint: 127.0.0.1:53596 localEndPoint: 127.0.0.1:53595
